[0.014s] Invoking command in '/home/goblue/my_ws/Yubot_controller/build/Yubot_controller': CMAKE_PREFIX_PATH=${CMAKE_PREFIX_PATH}:/home/goblue/interbotix_ws/install/interbotix_xs_modules:/home/goblue/interbotix_ws/install/interbotix_common_modules:/opt/ros/humble /usr/bin/cmake /home/goblue/my_ws/Yubot_controller -DCMAKE_INSTALL_PREFIX=/home/goblue/my_ws/Yubot_controller/install/Yubot_controller
[0.371s] -- The C compiler identification is GNU 11.4.0
[1.042s] -- The CXX compiler identification is GNU 11.4.0
[1.566s] -- Detecting C compiler ABI info
[1.726s] -- Detecting C compiler ABI info - done
[1.730s] -- Check for working C compiler: /usr/bin/cc - skipped
[1.730s] -- Detecting C compile features
[1.731s] -- Detecting C compile features - done
[1.734s] -- Detecting CXX compiler ABI info
[1.940s] -- Detecting CXX compiler ABI info - done
[1.945s] -- Check for working CXX compiler: /usr/bin/c++ - skipped
[1.946s] -- Detecting CXX compile features
[1.946s] -- Detecting CXX compile features - done
[1.968s] -- Found ament_cmake: 1.3.10 (/opt/ros/humble/share/ament_cmake/cmake)
[2.060s] -- Found Python3: /usr/bin/python3 (found version "3.10.12") found components: Interpreter 
[2.150s] -- Found nav2_common: 1.1.17 (/opt/ros/humble/share/nav2_common/cmake)
[2.154s] -- Found nav2_core: 1.1.17 (/opt/ros/humble/share/nav2_core/cmake)
[2.448s] -- Found rosidl_generator_c: 3.1.5 (/opt/ros/humble/share/rosidl_generator_c/cmake)
[2.456s] -- Found rosidl_adapter: 3.1.5 (/opt/ros/humble/share/rosidl_adapter/cmake)
[2.468s] -- Found rosidl_generator_cpp: 3.1.5 (/opt/ros/humble/share/rosidl_generator_cpp/cmake)
[2.485s] -- Using all available rosidl_typesupport_c: rosidl_typesupport_fastrtps_c;rosidl_typesupport_introspection_c
[2.504s] -- Using all available rosidl_typesupport_cpp: rosidl_typesupport_fastrtps_cpp;rosidl_typesupport_introspection_cpp
[2.559s] -- Found rmw_implementation_cmake: 6.1.2 (/opt/ros/humble/share/rmw_implementation_cmake/cmake)
[2.564s] -- Found rmw_fastrtps_cpp: 6.2.7 (/opt/ros/humble/share/rmw_fastrtps_cpp/cmake)
[4.767s] -- Found OpenSSL: /usr/lib/x86_64-linux-gnu/libcrypto.so (found version "3.0.2")  
[7.113s] -- Found FastRTPS: /opt/ros/humble/include  
[10.832s] -- Using RMW implementation 'rmw_fastrtps_cpp' as default
[10.858s] -- Looking for pthread.h
[11.008s] -- Looking for pthread.h - found
[11.008s] -- Performing Test CMAKE_HAVE_LIBC_PTHREAD
[11.143s] -- Performing Test CMAKE_HAVE_LIBC_PTHREAD - Success
[11.144s] -- Found Threads: TRUE  
[11.536s] -- Found Eigen3: TRUE (found version "3.4.0") 
[11.536s] -- Ensuring Eigen3 include directory is part of orocos-kdl CMake target
[13.515s] -- Setting build type to Release as none was specified.
[13.585s] -- Found ament_lint_auto: 0.12.11 (/opt/ros/humble/share/ament_lint_auto/cmake)
[13.618s] WARNING: Package name "Yubot_controller" does not follow the naming conventions. It should start with a lower case letter and only contain lower case letters, digits, underscores, and dashes.
[13.656s] -- Added test 'cppcheck' to perform static code analysis on C / C++ code
[13.656s] -- Configured cppcheck include dirs: /home/goblue/my_ws/Yubot_controller/include
[13.656s] -- Configured cppcheck exclude dirs and/or files: 
[13.660s] -- Added test 'cpplint' to check C / C++ code against the Google style
[13.660s] -- Configured cpplint exclude dirs and/or files: 
[13.663s] -- Added test 'lint_cmake' to check CMake code style
[13.668s] -- Added test 'uncrustify' to check C / C++ code style
[13.668s] -- Configured uncrustify additional arguments: 
[13.669s] -- Added test 'xmllint' to check XML markup files
[13.674s] -- Configuring done
[13.774s] -- Generating done
[13.775s] -- Build files have been written to: /home/goblue/my_ws/Yubot_controller/build/Yubot_controller
[13.784s] Invoked command in '/home/goblue/my_ws/Yubot_controller/build/Yubot_controller' returned '0': CMAKE_PREFIX_PATH=${CMAKE_PREFIX_PATH}:/home/goblue/interbotix_ws/install/interbotix_xs_modules:/home/goblue/interbotix_ws/install/interbotix_common_modules:/opt/ros/humble /usr/bin/cmake /home/goblue/my_ws/Yubot_controller -DCMAKE_INSTALL_PREFIX=/home/goblue/my_ws/Yubot_controller/install/Yubot_controller
[13.785s] Invoking command in '/home/goblue/my_ws/Yubot_controller/build/Yubot_controller': CMAKE_PREFIX_PATH=${CMAKE_PREFIX_PATH}:/home/goblue/interbotix_ws/install/interbotix_xs_modules:/home/goblue/interbotix_ws/install/interbotix_common_modules:/opt/ros/humble /usr/bin/cmake --build /home/goblue/my_ws/Yubot_controller/build/Yubot_controller -- -j20 -l20
[13.815s] [ 50%] [32mBuilding CXX object CMakeFiles/Yubot_controller.dir/src/pure_controller.cpp.o[0m
[13.821s] [01m[K/home/goblue/my_ws/Yubot_controller/src/pure_controller.cpp:2:10:[m[K [01;31m[Kfatal error: [m[KYubot_controller/pure_controller.hpp: æ²¡æœ‰é‚£ä¸ªæ–‡ä»¶æˆ–ç›®å½•
[13.821s]     2 | #include [01;31m[K"Yubot_controller/pure_controller.hpp"[m[K
[13.821s]       |          [01;31m[K^~~~~~~~~~~~~~~~~~~~~~~~~~~~~~~~~~~~~~[m[K
[13.821s] compilation terminated.
[13.822s] gmake[2]: *** [CMakeFiles/Yubot_controller.dir/build.make:76ï¼šCMakeFiles/Yubot_controller.dir/src/pure_controller.cpp.o] é”™è¯¯ 1
[13.822s] gmake[1]: *** [CMakeFiles/Makefile2:137ï¼šCMakeFiles/Yubot_controller.dir/all] é”™è¯¯ 2
[13.822s] gmake: *** [Makefile:146ï¼šall] é”™è¯¯ 2
[13.824s] Invoked command in '/home/goblue/my_ws/Yubot_controller/build/Yubot_controller' returned '2': CMAKE_PREFIX_PATH=${CMAKE_PREFIX_PATH}:/home/goblue/interbotix_ws/install/interbotix_xs_modules:/home/goblue/interbotix_ws/install/interbotix_common_modules:/opt/ros/humble /usr/bin/cmake --build /home/goblue/my_ws/Yubot_controller/build/Yubot_controller -- -j20 -l20
