[0.008s] Invoking command in '/home/goblue/my_ws/Yubot_controller/build/Yubot_controller': CMAKE_PREFIX_PATH=${CMAKE_PREFIX_PATH}:/home/goblue/interbotix_ws/install/interbotix_xs_modules:/home/goblue/interbotix_ws/install/interbotix_common_modules:/opt/ros/humble /usr/bin/cmake /home/goblue/my_ws/Yubot_controller -DCMAKE_INSTALL_PREFIX=/home/goblue/my_ws/Yubot_controller/install/Yubot_controller
[0.147s] -- The C compiler identification is GNU 11.4.0
[0.739s] -- The CXX compiler identification is GNU 11.4.0
[1.283s] -- Detecting C compiler ABI info
[1.563s] -- Detecting C compiler ABI info - done
[1.567s] -- Check for working C compiler: /usr/bin/cc - skipped
[1.567s] -- Detecting C compile features
[1.568s] -- Detecting C compile features - done
[1.569s] -- Detecting CXX compiler ABI info
[1.716s] -- Detecting CXX compiler ABI info - done
[1.721s] -- Check for working CXX compiler: /usr/bin/c++ - skipped
[1.721s] -- Detecting CXX compile features
[1.721s] -- Detecting CXX compile features - done
[1.724s] -- Found ament_cmake: 1.3.10 (/opt/ros/humble/share/ament_cmake/cmake)
[1.808s] -- Found Python3: /usr/bin/python3 (found version "3.10.12") found components: Interpreter 
[1.878s] -- Found rclcpp: 16.0.10 (/opt/ros/humble/share/rclcpp/cmake)
[2.169s] -- Found rosidl_generator_c: 3.1.5 (/opt/ros/humble/share/rosidl_generator_c/cmake)
[2.173s] -- Found rosidl_adapter: 3.1.5 (/opt/ros/humble/share/rosidl_adapter/cmake)
[2.179s] -- Found rosidl_generator_cpp: 3.1.5 (/opt/ros/humble/share/rosidl_generator_cpp/cmake)
[2.189s] -- Using all available rosidl_typesupport_c: rosidl_typesupport_fastrtps_c;rosidl_typesupport_introspection_c
[2.202s] -- Using all available rosidl_typesupport_cpp: rosidl_typesupport_fastrtps_cpp;rosidl_typesupport_introspection_cpp
[2.241s] -- Found rmw_implementation_cmake: 6.1.2 (/opt/ros/humble/share/rmw_implementation_cmake/cmake)
[2.243s] -- Found rmw_fastrtps_cpp: 6.2.7 (/opt/ros/humble/share/rmw_fastrtps_cpp/cmake)
[3.984s] -- Found OpenSSL: /usr/lib/x86_64-linux-gnu/libcrypto.so (found version "3.0.2")  
[6.293s] -- Found FastRTPS: /opt/ros/humble/include  
[10.078s] -- Using RMW implementation 'rmw_fastrtps_cpp' as default
[10.085s] -- Looking for pthread.h
[10.323s] -- Looking for pthread.h - found
[10.324s] -- Performing Test CMAKE_HAVE_LIBC_PTHREAD
[10.606s] -- Performing Test CMAKE_HAVE_LIBC_PTHREAD - Success
[10.607s] -- Found Threads: TRUE  
[10.643s] -- Found nav2_core: 1.1.17 (/opt/ros/humble/share/nav2_core/cmake)
[10.925s] -- Found Eigen3: TRUE (found version "3.4.0") 
[10.925s] -- Ensuring Eigen3 include directory is part of orocos-kdl CMake target
[13.448s] -- Found ament_lint_auto: 0.12.11 (/opt/ros/humble/share/ament_lint_auto/cmake)
[13.483s] WARNING: Package name "Yubot_controller" does not follow the naming conventions. It should start with a lower case letter and only contain lower case letters, digits, underscores, and dashes.
[13.509s] -- Added test 'cppcheck' to perform static code analysis on C / C++ code
[13.509s] -- Configured cppcheck include dirs: 
[13.509s] -- Configured cppcheck exclude dirs and/or files: 
[13.510s] -- Added test 'flake8' to check Python code syntax and style conventions
[13.511s] -- Added test 'lint_cmake' to check CMake code style
[13.512s] -- Added test 'pep257' to check Python code against some of the docstring style conventions in PEP 257
[13.516s] -- Added test 'uncrustify' to check C / C++ code style
[13.516s] -- Configured uncrustify additional arguments: 
[13.517s] -- Added test 'xmllint' to check XML markup files
[13.519s] -- Configuring done
[13.549s] -- Generating done
[13.551s] -- Build files have been written to: /home/goblue/my_ws/Yubot_controller/build/Yubot_controller
[13.560s] Invoked command in '/home/goblue/my_ws/Yubot_controller/build/Yubot_controller' returned '0': CMAKE_PREFIX_PATH=${CMAKE_PREFIX_PATH}:/home/goblue/interbotix_ws/install/interbotix_xs_modules:/home/goblue/interbotix_ws/install/interbotix_common_modules:/opt/ros/humble /usr/bin/cmake /home/goblue/my_ws/Yubot_controller -DCMAKE_INSTALL_PREFIX=/home/goblue/my_ws/Yubot_controller/install/Yubot_controller
[13.562s] Invoking command in '/home/goblue/my_ws/Yubot_controller/build/Yubot_controller': CMAKE_PREFIX_PATH=${CMAKE_PREFIX_PATH}:/home/goblue/interbotix_ws/install/interbotix_xs_modules:/home/goblue/interbotix_ws/install/interbotix_common_modules:/opt/ros/humble /usr/bin/cmake --build /home/goblue/my_ws/Yubot_controller/build/Yubot_controller -- -j20 -l20
[13.593s] [ 50%] [32mBuilding CXX object CMakeFiles/PureController.dir/src/pure_controller.cpp.o[0m
[13.598s] [01m[K/home/goblue/my_ws/Yubot_controller/src/pure_controller.cpp:2:10:[m[K [01;31m[Kfatal error: [m[KYubot_controller/pure_controller.hpp: æ²¡æœ‰é‚£ä¸ªæ–‡ä»¶æˆ–ç›®å½•
[13.598s]     2 | #include [01;31m[K"Yubot_controller/pure_controller.hpp"[m[K
[13.598s]       |          [01;31m[K^~~~~~~~~~~~~~~~~~~~~~~~~~~~~~~~~~~~~~[m[K
[13.598s] compilation terminated.
[13.598s] gmake[2]: *** [CMakeFiles/PureController.dir/build.make:76ï¼šCMakeFiles/PureController.dir/src/pure_controller.cpp.o] é”™è¯¯ 1
[13.598s] gmake[1]: *** [CMakeFiles/Makefile2:137ï¼šCMakeFiles/PureController.dir/all] é”™è¯¯ 2
[13.598s] gmake: *** [Makefile:146ï¼šall] é”™è¯¯ 2
[13.601s] Invoked command in '/home/goblue/my_ws/Yubot_controller/build/Yubot_controller' returned '2': CMAKE_PREFIX_PATH=${CMAKE_PREFIX_PATH}:/home/goblue/interbotix_ws/install/interbotix_xs_modules:/home/goblue/interbotix_ws/install/interbotix_common_modules:/opt/ros/humble /usr/bin/cmake --build /home/goblue/my_ws/Yubot_controller/build/Yubot_controller -- -j20 -l20
