[0.010s] Invoking command in '/home/goblue/my_ws/Yubot_controller/build/Yubot_controller': CMAKE_PREFIX_PATH=${CMAKE_PREFIX_PATH}:/home/goblue/interbotix_ws/install/interbotix_xs_modules:/home/goblue/interbotix_ws/install/interbotix_common_modules:/opt/ros/humble /usr/bin/cmake /home/goblue/my_ws/Yubot_controller -DCMAKE_INSTALL_PREFIX=/home/goblue/my_ws/Yubot_controller/install/Yubot_controller
[0.246s] -- The C compiler identification is GNU 11.4.0
[1.389s] -- The CXX compiler identification is GNU 11.4.0
[2.187s] -- Detecting C compiler ABI info
[2.473s] -- Detecting C compiler ABI info - done
[2.478s] -- Check for working C compiler: /usr/bin/cc - skipped
[2.480s] -- Detecting C compile features
[2.481s] -- Detecting C compile features - done
[2.484s] -- Detecting CXX compiler ABI info
[2.731s] -- Detecting CXX compiler ABI info - done
[2.736s] -- Check for working CXX compiler: /usr/bin/c++ - skipped
[2.736s] -- Detecting CXX compile features
[2.737s] -- Detecting CXX compile features - done
[2.754s] -- Found ament_cmake: 1.3.10 (/opt/ros/humble/share/ament_cmake/cmake)
[2.869s] -- Found Python3: /usr/bin/python3 (found version "3.10.12") found components: Interpreter 
[2.976s] -- Found nav2_common: 1.1.17 (/opt/ros/humble/share/nav2_common/cmake)
[2.979s] -- Found nav2_core: 1.1.17 (/opt/ros/humble/share/nav2_core/cmake)
[3.381s] -- Found rosidl_generator_c: 3.1.5 (/opt/ros/humble/share/rosidl_generator_c/cmake)
[3.389s] -- Found rosidl_adapter: 3.1.5 (/opt/ros/humble/share/rosidl_adapter/cmake)
[3.401s] -- Found rosidl_generator_cpp: 3.1.5 (/opt/ros/humble/share/rosidl_generator_cpp/cmake)
[3.428s] -- Using all available rosidl_typesupport_c: rosidl_typesupport_fastrtps_c;rosidl_typesupport_introspection_c
[3.453s] -- Using all available rosidl_typesupport_cpp: rosidl_typesupport_fastrtps_cpp;rosidl_typesupport_introspection_cpp
[3.519s] -- Found rmw_implementation_cmake: 6.1.2 (/opt/ros/humble/share/rmw_implementation_cmake/cmake)
[3.527s] -- Found rmw_fastrtps_cpp: 6.2.7 (/opt/ros/humble/share/rmw_fastrtps_cpp/cmake)
[6.817s] -- Found OpenSSL: /usr/lib/x86_64-linux-gnu/libcrypto.so (found version "3.0.2")  
[9.874s] -- Found FastRTPS: /opt/ros/humble/include  
[16.238s] -- Using RMW implementation 'rmw_fastrtps_cpp' as default
[16.252s] -- Looking for pthread.h
[16.523s] -- Looking for pthread.h - found
[16.524s] -- Performing Test CMAKE_HAVE_LIBC_PTHREAD
[16.824s] -- Performing Test CMAKE_HAVE_LIBC_PTHREAD - Success
[16.825s] -- Found Threads: TRUE  
[17.371s] -- Found Eigen3: TRUE (found version "3.4.0") 
[17.371s] -- Ensuring Eigen3 include directory is part of orocos-kdl CMake target
[20.831s] -- Setting build type to Release as none was specified.
[20.903s] -- Found ament_lint_auto: 0.12.11 (/opt/ros/humble/share/ament_lint_auto/cmake)
[20.942s] WARNING: Package name "Yubot_controller" does not follow the naming conventions. It should start with a lower case letter and only contain lower case letters, digits, underscores, and dashes.
[20.993s] -- Added test 'cppcheck' to perform static code analysis on C / C++ code
[20.993s] -- Configured cppcheck include dirs: /home/goblue/my_ws/Yubot_controller/include
[20.993s] -- Configured cppcheck exclude dirs and/or files: 
[21.001s] -- Added test 'cpplint' to check C / C++ code against the Google style
[21.001s] -- Configured cpplint exclude dirs and/or files: 
[21.003s] -- Added test 'flake8' to check Python code syntax and style conventions
[21.007s] -- Added test 'lint_cmake' to check CMake code style
[21.008s] -- Added test 'pep257' to check Python code against some of the docstring style conventions in PEP 257
[21.016s] -- Added test 'uncrustify' to check C / C++ code style
[21.016s] -- Configured uncrustify additional arguments: 
[21.018s] -- Added test 'xmllint' to check XML markup files
[21.023s] -- Configuring done
[21.141s] -- Generating done
[21.143s] -- Build files have been written to: /home/goblue/my_ws/Yubot_controller/build/Yubot_controller
[21.160s] Invoked command in '/home/goblue/my_ws/Yubot_controller/build/Yubot_controller' returned '0': CMAKE_PREFIX_PATH=${CMAKE_PREFIX_PATH}:/home/goblue/interbotix_ws/install/interbotix_xs_modules:/home/goblue/interbotix_ws/install/interbotix_common_modules:/opt/ros/humble /usr/bin/cmake /home/goblue/my_ws/Yubot_controller -DCMAKE_INSTALL_PREFIX=/home/goblue/my_ws/Yubot_controller/install/Yubot_controller
[21.162s] Invoking command in '/home/goblue/my_ws/Yubot_controller/build/Yubot_controller': CMAKE_PREFIX_PATH=${CMAKE_PREFIX_PATH}:/home/goblue/interbotix_ws/install/interbotix_xs_modules:/home/goblue/interbotix_ws/install/interbotix_common_modules:/opt/ros/humble /usr/bin/cmake --build /home/goblue/my_ws/Yubot_controller/build/Yubot_controller -- -j20 -l20
[21.199s] [ 50%] [32mBuilding CXX object CMakeFiles/Yubot_controller.dir/src/pure_controller.cpp.o[0m
[21.210s] [01m[K/home/goblue/my_ws/Yubot_controller/src/pure_controller.cpp:8:11:[m[K [01;31m[Kfatal error: [m[KYubot_controller/pure_controller.hpp: æ²¡æœ‰é‚£ä¸ªæ–‡ä»¶æˆ–ç›®å½•
[21.210s]     8 |  #include [01;31m[K"Yubot_controller/pure_controller.hpp"[m[K
[21.210s]       |           [01;31m[K^~~~~~~~~~~~~~~~~~~~~~~~~~~~~~~~~~~~~~[m[K
[21.211s] compilation terminated.
[21.211s] gmake[2]: *** [CMakeFiles/Yubot_controller.dir/build.make:76ï¼šCMakeFiles/Yubot_controller.dir/src/pure_controller.cpp.o] é”™è¯¯ 1
[21.212s] gmake[1]: *** [CMakeFiles/Makefile2:137ï¼šCMakeFiles/Yubot_controller.dir/all] é”™è¯¯ 2
[21.212s] gmake: *** [Makefile:146ï¼šall] é”™è¯¯ 2
[21.214s] Invoked command in '/home/goblue/my_ws/Yubot_controller/build/Yubot_controller' returned '2': CMAKE_PREFIX_PATH=${CMAKE_PREFIX_PATH}:/home/goblue/interbotix_ws/install/interbotix_xs_modules:/home/goblue/interbotix_ws/install/interbotix_common_modules:/opt/ros/humble /usr/bin/cmake --build /home/goblue/my_ws/Yubot_controller/build/Yubot_controller -- -j20 -l20
