[0.010s] Invoking command in '/home/goblue/my_ws/Yubot_controller/build/Yubot_controller': CMAKE_PREFIX_PATH=${CMAKE_PREFIX_PATH}:/home/goblue/interbotix_ws/install/interbotix_xs_modules:/home/goblue/interbotix_ws/install/interbotix_common_modules:/opt/ros/humble /usr/bin/cmake /home/goblue/my_ws/Yubot_controller -DCMAKE_INSTALL_PREFIX=/home/goblue/my_ws/Yubot_controller/install/Yubot_controller
[0.297s] -- The C compiler identification is GNU 11.4.0
[1.116s] -- The CXX compiler identification is GNU 11.4.0
[1.699s] -- Detecting C compiler ABI info
[1.835s] -- Detecting C compiler ABI info - done
[1.840s] -- Check for working C compiler: /usr/bin/cc - skipped
[1.841s] -- Detecting C compile features
[1.842s] -- Detecting C compile features - done
[1.845s] -- Detecting CXX compiler ABI info
[1.977s] -- Detecting CXX compiler ABI info - done
[1.981s] -- Check for working CXX compiler: /usr/bin/c++ - skipped
[1.981s] -- Detecting CXX compile features
[1.981s] -- Detecting CXX compile features - done
[2.007s] -- Found ament_cmake: 1.3.10 (/opt/ros/humble/share/ament_cmake/cmake)
[2.094s] -- Found Python3: /usr/bin/python3 (found version "3.10.12") found components: Interpreter 
[2.187s] -- Found rclcpp: 16.0.10 (/opt/ros/humble/share/rclcpp/cmake)
[2.461s] -- Found rosidl_generator_c: 3.1.5 (/opt/ros/humble/share/rosidl_generator_c/cmake)
[2.467s] -- Found rosidl_adapter: 3.1.5 (/opt/ros/humble/share/rosidl_adapter/cmake)
[2.478s] -- Found rosidl_generator_cpp: 3.1.5 (/opt/ros/humble/share/rosidl_generator_cpp/cmake)
[2.496s] -- Using all available rosidl_typesupport_c: rosidl_typesupport_fastrtps_c;rosidl_typesupport_introspection_c
[2.515s] -- Using all available rosidl_typesupport_cpp: rosidl_typesupport_fastrtps_cpp;rosidl_typesupport_introspection_cpp
[2.571s] -- Found rmw_implementation_cmake: 6.1.2 (/opt/ros/humble/share/rmw_implementation_cmake/cmake)
[2.576s] -- Found rmw_fastrtps_cpp: 6.2.7 (/opt/ros/humble/share/rmw_fastrtps_cpp/cmake)
[4.660s] -- Found OpenSSL: /usr/lib/x86_64-linux-gnu/libcrypto.so (found version "3.0.2")  
[7.571s] -- Found FastRTPS: /opt/ros/humble/include  
[11.005s] -- Using RMW implementation 'rmw_fastrtps_cpp' as default
[11.035s] -- Looking for pthread.h
[11.185s] -- Looking for pthread.h - found
[11.185s] -- Performing Test CMAKE_HAVE_LIBC_PTHREAD
[11.321s] -- Performing Test CMAKE_HAVE_LIBC_PTHREAD - Success
[11.322s] -- Found Threads: TRUE  
[11.382s] -- Found nav2_core: 1.1.17 (/opt/ros/humble/share/nav2_core/cmake)
[11.700s] -- Found Eigen3: TRUE (found version "3.4.0") 
[11.700s] -- Ensuring Eigen3 include directory is part of orocos-kdl CMake target
[14.161s] -- Found ament_lint_auto: 0.12.11 (/opt/ros/humble/share/ament_lint_auto/cmake)
[14.196s] WARNING: Package name "Yubot_controller" does not follow the naming conventions. It should start with a lower case letter and only contain lower case letters, digits, underscores, and dashes.
[14.231s] -- Added test 'cppcheck' to perform static code analysis on C / C++ code
[14.231s] -- Configured cppcheck include dirs: 
[14.231s] -- Configured cppcheck exclude dirs and/or files: 
[14.232s] -- Added test 'flake8' to check Python code syntax and style conventions
[14.235s] -- Added test 'lint_cmake' to check CMake code style
[14.236s] -- Added test 'pep257' to check Python code against some of the docstring style conventions in PEP 257
[14.240s] -- Added test 'uncrustify' to check C / C++ code style
[14.240s] -- Configured uncrustify additional arguments: 
[14.241s] -- Added test 'xmllint' to check XML markup files
[14.245s] -- Configuring done
[14.343s] -- Generating done
[14.345s] -- Build files have been written to: /home/goblue/my_ws/Yubot_controller/build/Yubot_controller
[14.354s] Invoked command in '/home/goblue/my_ws/Yubot_controller/build/Yubot_controller' returned '0': CMAKE_PREFIX_PATH=${CMAKE_PREFIX_PATH}:/home/goblue/interbotix_ws/install/interbotix_xs_modules:/home/goblue/interbotix_ws/install/interbotix_common_modules:/opt/ros/humble /usr/bin/cmake /home/goblue/my_ws/Yubot_controller -DCMAKE_INSTALL_PREFIX=/home/goblue/my_ws/Yubot_controller/install/Yubot_controller
[14.355s] Invoking command in '/home/goblue/my_ws/Yubot_controller/build/Yubot_controller': CMAKE_PREFIX_PATH=${CMAKE_PREFIX_PATH}:/home/goblue/interbotix_ws/install/interbotix_xs_modules:/home/goblue/interbotix_ws/install/interbotix_common_modules:/opt/ros/humble /usr/bin/cmake --build /home/goblue/my_ws/Yubot_controller/build/Yubot_controller -- -j20 -l20
[14.386s] [ 50%] [32mBuilding CXX object CMakeFiles/PureController.dir/src/pure_controller.cpp.o[0m
[14.392s] [01m[K/home/goblue/my_ws/Yubot_controller/src/pure_controller.cpp:2:10:[m[K [01;31m[Kfatal error: [m[K/home/goblue/my_ws/Yubot_controller/include/Yubot_controller/pure_controller.hpp: æ²¡æœ‰é‚£ä¸ªæ–‡ä»¶æˆ–ç›®å½•
[14.392s]     2 | #include [01;31m[K"/home/goblue/my_ws/Yubot_controller/include/Yubot_controller/pure_controller.hpp"[m[K
[14.392s]       |          [01;31m[K^~~~~~~~~~~~~~~~~~~~~~~~~~~~~~~~~~~~~~~~~~~~~~~~~~~~~~~~~~~~~~~~~~~~~~~~~~~~~~~~~~[m[K
[14.392s] compilation terminated.
[14.392s] gmake[2]: *** [CMakeFiles/PureController.dir/build.make:76ï¼šCMakeFiles/PureController.dir/src/pure_controller.cpp.o] é”™è¯¯ 1
[14.393s] gmake[1]: *** [CMakeFiles/Makefile2:137ï¼šCMakeFiles/PureController.dir/all] é”™è¯¯ 2
[14.393s] gmake: *** [Makefile:146ï¼šall] é”™è¯¯ 2
[14.394s] Invoked command in '/home/goblue/my_ws/Yubot_controller/build/Yubot_controller' returned '2': CMAKE_PREFIX_PATH=${CMAKE_PREFIX_PATH}:/home/goblue/interbotix_ws/install/interbotix_xs_modules:/home/goblue/interbotix_ws/install/interbotix_common_modules:/opt/ros/humble /usr/bin/cmake --build /home/goblue/my_ws/Yubot_controller/build/Yubot_controller -- -j20 -l20
