<?xml version="1.0" encoding="UTF-8"?>
<Site BuildName="(empty)"
	BuildStamp="20250213-0411-Experimental"
	Name="GoBule"
	Generator="ctest-3.22.1"
	CompilerName="/usr/bin/g++"
	CompilerVersion="11.4.0"
	OSName="Linux"
	Hostname="GoBule"
	OSRelease="5.15.167.4-microsoft-standard-WSL2"
	OSVersion="#1 SMP Tue Nov 5 00:21:55 UTC 2024"
	OSPlatform="x86_64"
	Is64Bits="1"
	VendorString="GenuineIntel"
	VendorID="Intel Corporation"
	FamilyID="6"
	ModelID="183"
	ProcessorCacheSize="24576"
	NumberOfLogicalCPU="20"
	NumberOfPhysicalCPU="10"
	TotalVirtualMemory="2048"
	TotalPhysicalMemory="7790"
	LogicalProcessorsPerPhysical="2"
	ProcessorClockFrequency="2803.2"
	>
	<Testing>
		<StartDateTime>Feb 12 23:30 EST</StartDateTime>
		<StartTestTime>1739421048</StartTestTime>
		<TestList/>
		<EndDateTime>Feb 12 23:30 EST</EndDateTime>
		<EndTestTime>1739421048</EndTestTime>
		<ElapsedMinutes>0</ElapsedMinutes>
	</Testing>
</Site>
