WARNING: Package name "Yubot_controller" does not follow the naming conventions. It should start with a lower case letter and only contain lower case letters, digits, underscores, and dashes.
In file included from [01m[K/home/goblue/my_ws/Yubot_controller/src/pure_controller.cpp:8[m[K:
[01m[K/home/goblue/my_ws/Yubot_controller/src/pure_controller.hpp:81:10:[m[K [01;31m[Kerror: [m[Kexpected â€˜[01m[K;[m[Kâ€™ at end of member declaration
   81 |   double [01;31m[Kwheelbase_[m[K
      |          [01;31m[K^~~~~~~~~~[m[K
      |                    [32m[K;[m[K
[01m[K/home/goblue/my_ws/Yubot_controller/src/pure_controller.cpp:[m[K In member function â€˜[01m[Kvirtual geometry_msgs::msg::TwistStamped yubot_controller::PurePursuitController::computeVelocityCommands(const PoseStamped&, const Twist&, nav2_core::GoalChecker*)[m[Kâ€™:
[01m[K/home/goblue/my_ws/Yubot_controller/src/pure_controller.cpp:159:45:[m[K [01;31m[Kerror: [m[Kâ€˜[01m[Kmax_angular_vel_[m[Kâ€™ was not declared in this scope; did you mean â€˜[01m[Kangular_vel[m[Kâ€™?
  159 |    cmd_vel.twist.angular.z = max(-1.0 * abs([01;31m[Kmax_angular_vel_[m[K),
      |                                             [01;31m[K^~~~~~~~~~~~~~~~[m[K
      |                                             [32m[Kangular_vel[m[K
gmake[2]: *** [CMakeFiles/Yubot_controller.dir/build.make:76ï¼šCMakeFiles/Yubot_controller.dir/src/pure_controller.cpp.o] é”™è¯¯ 1
gmake[1]: *** [CMakeFiles/Makefile2:137ï¼šCMakeFiles/Yubot_controller.dir/all] é”™è¯¯ 2
gmake: *** [Makefile:146ï¼šall] é”™è¯¯ 2
