[0.012s] Invoking command in '/home/goblue/my_ws/Yubot_controller/build/Yubot_controller': CMAKE_PREFIX_PATH=${CMAKE_PREFIX_PATH}:/home/goblue/interbotix_ws/install/interbotix_xs_modules:/home/goblue/interbotix_ws/install/interbotix_common_modules:/opt/ros/humble /usr/bin/cmake /home/goblue/my_ws/Yubot_controller -DCMAKE_INSTALL_PREFIX=/home/goblue/my_ws/Yubot_controller/install/Yubot_controller
[0.324s] -- The C compiler identification is GNU 11.4.0
[1.150s] -- The CXX compiler identification is GNU 11.4.0
[1.645s] -- Detecting C compiler ABI info
[1.894s] -- Detecting C compiler ABI info - done
[1.898s] -- Check for working C compiler: /usr/bin/cc - skipped
[1.899s] -- Detecting C compile features
[1.899s] -- Detecting C compile features - done
[1.902s] -- Detecting CXX compiler ABI info
[2.095s] -- Detecting CXX compiler ABI info - done
[2.100s] -- Check for working CXX compiler: /usr/bin/c++ - skipped
[2.100s] -- Detecting CXX compile features
[2.100s] -- Detecting CXX compile features - done
[2.125s] -- Found ament_cmake: 1.3.10 (/opt/ros/humble/share/ament_cmake/cmake)
[2.214s] -- Found Python3: /usr/bin/python3 (found version "3.10.12") found components: Interpreter 
[2.310s] -- Found nav2_common: 1.1.17 (/opt/ros/humble/share/nav2_common/cmake)
[2.313s] -- Found nav2_core: 1.1.17 (/opt/ros/humble/share/nav2_core/cmake)
[2.643s] -- Found rosidl_generator_c: 3.1.5 (/opt/ros/humble/share/rosidl_generator_c/cmake)
[2.650s] -- Found rosidl_adapter: 3.1.5 (/opt/ros/humble/share/rosidl_adapter/cmake)
[2.660s] -- Found rosidl_generator_cpp: 3.1.5 (/opt/ros/humble/share/rosidl_generator_cpp/cmake)
[2.676s] -- Using all available rosidl_typesupport_c: rosidl_typesupport_fastrtps_c;rosidl_typesupport_introspection_c
[2.696s] -- Using all available rosidl_typesupport_cpp: rosidl_typesupport_fastrtps_cpp;rosidl_typesupport_introspection_cpp
[2.752s] -- Found rmw_implementation_cmake: 6.1.2 (/opt/ros/humble/share/rmw_implementation_cmake/cmake)
[2.757s] -- Found rmw_fastrtps_cpp: 6.2.7 (/opt/ros/humble/share/rmw_fastrtps_cpp/cmake)
[4.954s] -- Found OpenSSL: /usr/lib/x86_64-linux-gnu/libcrypto.so (found version "3.0.2")  
[7.509s] -- Found FastRTPS: /opt/ros/humble/include  
[11.117s] -- Using RMW implementation 'rmw_fastrtps_cpp' as default
[11.144s] -- Looking for pthread.h
[11.288s] -- Looking for pthread.h - found
[11.288s] -- Performing Test CMAKE_HAVE_LIBC_PTHREAD
[11.442s] -- Performing Test CMAKE_HAVE_LIBC_PTHREAD - Success
[11.443s] -- Found Threads: TRUE  
[11.826s] -- Found Eigen3: TRUE (found version "3.4.0") 
[11.826s] -- Ensuring Eigen3 include directory is part of orocos-kdl CMake target
[14.015s] -- Setting build type to Release as none was specified.
[14.077s] -- Found ament_lint_auto: 0.12.11 (/opt/ros/humble/share/ament_lint_auto/cmake)
[14.112s] WARNING: Package name "Yubot_controller" does not follow the naming conventions. It should start with a lower case letter and only contain lower case letters, digits, underscores, and dashes.
[14.149s] -- Added test 'cppcheck' to perform static code analysis on C / C++ code
[14.149s] -- Configured cppcheck include dirs: /home/goblue/my_ws/Yubot_controller/include
[14.149s] -- Configured cppcheck exclude dirs and/or files: 
[14.156s] -- Added test 'cpplint' to check C / C++ code against the Google style
[14.156s] -- Configured cpplint exclude dirs and/or files: 
[14.159s] -- Added test 'lint_cmake' to check CMake code style
[14.165s] -- Added test 'uncrustify' to check C / C++ code style
[14.165s] -- Configured uncrustify additional arguments: 
[14.167s] -- Added test 'xmllint' to check XML markup files
[14.171s] -- Configuring done
[14.270s] -- Generating done
[14.272s] -- Build files have been written to: /home/goblue/my_ws/Yubot_controller/build/Yubot_controller
[14.282s] Invoked command in '/home/goblue/my_ws/Yubot_controller/build/Yubot_controller' returned '0': CMAKE_PREFIX_PATH=${CMAKE_PREFIX_PATH}:/home/goblue/interbotix_ws/install/interbotix_xs_modules:/home/goblue/interbotix_ws/install/interbotix_common_modules:/opt/ros/humble /usr/bin/cmake /home/goblue/my_ws/Yubot_controller -DCMAKE_INSTALL_PREFIX=/home/goblue/my_ws/Yubot_controller/install/Yubot_controller
[14.283s] Invoking command in '/home/goblue/my_ws/Yubot_controller/build/Yubot_controller': CMAKE_PREFIX_PATH=${CMAKE_PREFIX_PATH}:/home/goblue/interbotix_ws/install/interbotix_xs_modules:/home/goblue/interbotix_ws/install/interbotix_common_modules:/opt/ros/humble /usr/bin/cmake --build /home/goblue/my_ws/Yubot_controller/build/Yubot_controller -- -j20 -l20
[14.314s] [ 50%] [32mBuilding CXX object CMakeFiles/Yubot_controller.dir/src/pure_controller.cpp.o[0m
[16.847s] In file included from [01m[K/home/goblue/my_ws/Yubot_controller/src/pure_controller.cpp:8[m[K:
[16.847s] [01m[K/home/goblue/my_ws/Yubot_controller/src/pure_controller.hpp:81:10:[m[K [01;31m[Kerror: [m[Kexpected â€˜[01m[K;[m[Kâ€™ at end of member declaration
[16.847s]    81 |   double [01;31m[Kwheelbase_[m[K
[16.847s]       |          [01;31m[K^~~~~~~~~~[m[K
[16.847s]       |                    [32m[K;[m[K
[16.869s] [01m[K/home/goblue/my_ws/Yubot_controller/src/pure_controller.cpp:[m[K In member function â€˜[01m[Kvirtual geometry_msgs::msg::TwistStamped yubot_controller::PurePursuitController::computeVelocityCommands(const PoseStamped&, const Twist&, nav2_core::GoalChecker*)[m[Kâ€™:
[16.869s] [01m[K/home/goblue/my_ws/Yubot_controller/src/pure_controller.cpp:159:45:[m[K [01;31m[Kerror: [m[Kâ€˜[01m[Kmax_angular_vel_[m[Kâ€™ was not declared in this scope; did you mean â€˜[01m[Kangular_vel[m[Kâ€™?
[16.869s]   159 |    cmd_vel.twist.angular.z = max(-1.0 * abs([01;31m[Kmax_angular_vel_[m[K),
[16.869s]       |                                             [01;31m[K^~~~~~~~~~~~~~~~[m[K
[16.869s]       |                                             [32m[Kangular_vel[m[K
[18.218s] gmake[2]: *** [CMakeFiles/Yubot_controller.dir/build.make:76ï¼šCMakeFiles/Yubot_controller.dir/src/pure_controller.cpp.o] é”™è¯¯ 1
[18.218s] gmake[1]: *** [CMakeFiles/Makefile2:137ï¼šCMakeFiles/Yubot_controller.dir/all] é”™è¯¯ 2
[18.218s] gmake: *** [Makefile:146ï¼šall] é”™è¯¯ 2
[18.222s] Invoked command in '/home/goblue/my_ws/Yubot_controller/build/Yubot_controller' returned '2': CMAKE_PREFIX_PATH=${CMAKE_PREFIX_PATH}:/home/goblue/interbotix_ws/install/interbotix_xs_modules:/home/goblue/interbotix_ws/install/interbotix_common_modules:/opt/ros/humble /usr/bin/cmake --build /home/goblue/my_ws/Yubot_controller/build/Yubot_controller -- -j20 -l20
