[0.012s] Invoking command in '/home/goblue/my_ws/Yubot_controller/build/Yubot_controller': CMAKE_PREFIX_PATH=${CMAKE_PREFIX_PATH}:/home/goblue/interbotix_ws/install/interbotix_xs_modules:/home/goblue/interbotix_ws/install/interbotix_common_modules:/opt/ros/humble /usr/bin/cmake --build /home/goblue/my_ws/Yubot_controller/build/Yubot_controller -- -j20 -l20
[0.097s] [35m[1mConsolidate compiler generated dependencies of target Yubot_controller[0m
[0.111s] [ 50%] [32mBuilding CXX object CMakeFiles/Yubot_controller.dir/src/pure_controller.cpp.o[0m
[2.602s] In file included from [01m[K/home/goblue/my_ws/Yubot_controller/src/pure_controller.cpp:1[m[K:
[2.602s] [01m[K/home/goblue/my_ws/Yubot_controller/src/pure_controller.hpp:20:14:[m[K [01;31m[Kerror: [m[Kâ€˜[01m[Kvoid ac_controller::Pure_controller::configure(const WeakPtr&, std::string, std::string, std::shared_ptr<tf2_ros::Buffer>, std::shared_ptr<nav2_costmap_2d::Costmap2DROS>)[m[Kâ€™ marked â€˜[01m[Koverride[m[Kâ€™, but does not override
[2.602s]    20 |         void [01;31m[Kconfigure[m[K(const rclcpp_lifecycle::LifecycleNode::WeakPtr & parent,std::string name,
[2.602s]       |              [01;31m[K^~~~~~~~~[m[K
[2.602s] [01m[K/home/goblue/my_ws/Yubot_controller/src/pure_controller.hpp:28:42:[m[K [01;31m[Kerror: [m[Kâ€˜[01m[Kgeometry_msgs::msg::TwistStamped ac_controller::Pure_controller::computeVelocityCmd(const PoseStamped&, const Twist&, nav2_core::GoalChecker*)[m[Kâ€™ marked â€˜[01m[Koverride[m[Kâ€™, but does not override
[2.602s]    28 |         geometry_msgs::msg::TwistStamped [01;31m[KcomputeVelocityCmd[m[K(const geometry_msgs::msg::PoseStamped& pose, const geometry_msgs::msg::Twist& velocity, nav2_core::GoalChecker* goal_checker) override;
[2.602s]       |                                          [01;31m[K^~~~~~~~~~~~~~~~~~[m[K
[2.607s] [01m[K/home/goblue/my_ws/Yubot_controller/src/pure_controller.cpp:[m[K In member function â€˜[01m[Kvoid ac_controller::Pure_controller::configure(const WeakPtr&, std::string, std::string, std::shared_ptr<tf2_ros::Buffer>, std::shared_ptr<nav2_costmap_2d::Costmap2DROS>)[m[Kâ€™:
[2.607s] [01m[K/home/goblue/my_ws/Yubot_controller/src/pure_controller.cpp:23:23:[m[K [01;31m[Kerror: [m[Kexpected â€˜[01m[K;[m[Kâ€™ before â€˜[01m[Kauto[m[Kâ€™
[2.607s]    23 |         node_ = parent
[2.607s]       |                       [01;31m[K^[m[K
[2.607s]       |                       [32m[K;[m[K
[2.607s]    24 |         [32m[Kauto[m[K node = parent.lock();      //returns a sharedptr if parent exists
[2.607s]       |         [32m[K~~~~[m[K           
[2.613s] [01m[K/home/goblue/my_ws/Yubot_controller/src/pure_controller.cpp:27:19:[m[K [01;31m[Kerror: [m[Kâ€˜[01m[Knode[m[Kâ€™ was not declared in this scope; did you mean â€˜[01m[Knode_[m[Kâ€™?
[2.613s]    27 |         logger_ = [01;31m[Knode[m[K->get_logger();
[2.613s]       |                   [01;31m[K^~~~[m[K
[2.613s]       |                   [32m[Knode_[m[K
[2.619s] [01m[K/home/goblue/my_ws/Yubot_controller/src/pure_controller.cpp:31:49:[m[K [01;31m[Kerror: [m[Kâ€˜[01m[Kplugin_name_[m[Kâ€™ was not declared in this scope
[2.619s]    31 |         declare_parameter_if_not_declared(node, [01;31m[Kplugin_name_[m[K + ".lookahead_dist",
[2.619s]       |                                                 [01;31m[K^~~~~~~~~~~~[m[K
[2.620s] [01m[K/home/goblue/my_ws/Yubot_controller/src/pure_controller.cpp:47:65:[m[K [01;31m[Kerror: [m[Kexpected primary-expression before â€˜[01m[K>[m[Kâ€™ token
[2.620s]    47 |         global_pub_ = node->create_publisher<nav_msgs::msg::Path[01;31m[K>[m[K("received_global_plan", 1);    //create path publisher
[2.620s]       |                                                                 [01;31m[K^[m[K
[2.620s] [01m[K/home/goblue/my_ws/Yubot_controller/src/pure_controller.cpp:47:67:[m[K [01;31m[Kerror: [m[Kleft operand of comma operator has no effect [[01;31m[K]8;;https://gcc.gnu.org/onlinedocs/gcc/Warning-Options.html#index-Wunused-value-Werror=unused-value]8;;[m[K]
[2.620s]    47 |         global_pub_ = node->create_publisher<nav_msgs::msg::Path>([01;31m[K"received_global_plan"[m[K, 1);    //create path publisher
[2.620s]       |                                                                   [01;31m[K^~~~~~~~~~~~~~~~~~~~~~[m[K
[2.635s] [01m[K/home/goblue/my_ws/Yubot_controller/src/pure_controller.cpp:[m[K In member function â€˜[01m[Kgeometry_msgs::msg::TwistStamped ac_controller::Pure_controller::computeVelocityCmd(const PoseStamped&, const Twist&, nav2_core::GoalChecker*)[m[Kâ€™:
[2.635s] [01m[K/home/goblue/my_ws/Yubot_controller/src/pure_controller.cpp:98:27:[m[K [01;31m[Kerror: [m[Kâ€˜[01m[Kmax_speed[m[Kâ€™ was not declared in this scope; did you mean â€˜[01m[Kmax_speed_[m[Kâ€™?
[2.635s]    98 |             linear_vel = -[01;31m[Kmax_speed[m[K;
[2.635s]       |                           [01;31m[K^~~~~~~~~[m[K
[2.635s]       |                           [32m[Kmax_speed_[m[K
[2.635s] [01m[K/home/goblue/my_ws/Yubot_controller/src/pure_controller.cpp:102:81:[m[K [01;31m[Kerror: [m[Kinvalid type argument of unary â€˜[01m[K*[m[Kâ€™ (have â€˜[01m[Kint[m[Kâ€™)
[2.635s]   102 |            double curvature = (2 * goal_pose.position.y)/(goal_pose.position.y *[01;31m[K* 2[m[K + goal_pose.position.x ** 2);
[2.635s]       |                                                                                 [01;31m[K^~~[m[K
[2.635s] [01m[K/home/goblue/my_ws/Yubot_controller/src/pure_controller.cpp:102:109:[m[K [01;31m[Kerror: [m[Kinvalid type argument of unary â€˜[01m[K*[m[Kâ€™ (have â€˜[01m[Kint[m[Kâ€™)
[2.635s]   102 |            double curvature = (2 * goal_pose.position.y)/(goal_pose.position.y ** 2 + goal_pose.position.x *[01;31m[K* 2[m[K);
[2.635s]       |                                                                                                             [01;31m[K^~~[m[K
[2.635s] [01m[K/home/goblue/my_ws/Yubot_controller/src/pure_controller.cpp:[m[K In member function â€˜[01m[Knav_msgs::msg::Path ac_controller::Pure_controller::transformGlobalPlan(const PoseStamped&)[m[Kâ€™:
[2.635s] [01m[K/home/goblue/my_ws/Yubot_controller/src/pure_controller.cpp:127:11:[m[K [01;31m[Kerror: [m[Kexpected â€˜[01m[K,[m[Kâ€™ or â€˜[01m[K;[m[Kâ€™ before â€˜[01m[Kauto[m[Kâ€™
[2.635s]   127 |           [01;31m[Kauto[m[K min_it = it;
[2.635s]       |           [01;31m[K^~~~[m[K
[2.639s] [01m[K/home/goblue/my_ws/Yubot_controller/src/pure_controller.cpp:132:17:[m[K [01;31m[Kerror: [m[Kâ€˜[01m[Kmin_it[m[Kâ€™ was not declared in this scope; did you mean â€˜[01m[Kmin_dis[m[Kâ€™?
[2.639s]   132 |                 [01;31m[Kmin_it[m[K = it;
[2.639s]       |                 [01;31m[K^~~~~~[m[K
[2.639s]       |                 [32m[Kmin_dis[m[K
[2.643s] [01m[K/home/goblue/my_ws/Yubot_controller/src/pure_controller.cpp:138:24:[m[K [01;31m[Kerror: [m[Kâ€˜[01m[Kmin_it[m[Kâ€™ was not declared in this scope; did you mean â€˜[01m[Kmin_dis[m[Kâ€™?
[2.643s]   138 |           std::find_if([01;31m[Kmin_it[m[K, end(global_plan_.poses),
[2.644s]       |                        [01;31m[K^~~~~~[m[K
[2.644s]       |                        [32m[Kmin_dis[m[K
[2.644s] In file included from [01m[K/usr/include/c++/11/bits/stl_algobase.h:67[m[K,
[2.644s]                  from [01m[K/usr/include/c++/11/memory:63[m[K,
[2.644s]                  from [01m[K/home/goblue/my_ws/Yubot_controller/src/pure_controller.hpp:4[m[K,
[2.644s]                  from [01m[K/home/goblue/my_ws/Yubot_controller/src/pure_controller.cpp:1[m[K:
[2.644s] /usr/include/c++/11/bits/stl_iterator.h: In instantiation of â€˜[01m[Kclass std::back_insert_iterator<nav_msgs::msg::Path_<std::allocator<void> > >[m[Kâ€™:
[2.644s] [01m[K/home/goblue/my_ws/Yubot_controller/src/pure_controller.cpp:153:66:[m[K   required from here
[2.644s] [01m[K/usr/include/c++/11/bits/stl_iterator.h:689:7:[m[K [01;31m[Kerror: [m[Kno type named â€˜[01m[Kvalue_type[m[Kâ€™ in â€˜[01m[Kstruct nav_msgs::msg::Path_<std::allocator<void> >[m[Kâ€™
[2.644s]   689 |       [01;31m[Koperator[m[K=(const typename _Container::value_type& __value)
[2.644s]       |       [01;31m[K^~~~~~~~[m[K
[2.644s] [01m[K/usr/include/c++/11/bits/stl_iterator.h:697:7:[m[K [01;31m[Kerror: [m[Kno type named â€˜[01m[Kvalue_type[m[Kâ€™ in â€˜[01m[Kstruct nav_msgs::msg::Path_<std::allocator<void> >[m[Kâ€™
[2.644s]   697 |       [01;31m[Koperator[m[K=(typename _Container::value_type&& __value)
[2.644s]       |       [01;31m[K^~~~~~~~[m[K
[3.634s] In file included from [01m[K/opt/ros/humble/include/class_loader/class_loader/class_loader_core.hpp:57[m[K,
[3.634s]                  from [01m[K/opt/ros/humble/include/class_loader/class_loader/class_loader.hpp:55[m[K,
[3.635s]                  from [01m[K/opt/ros/humble/include/class_loader/class_loader/multi_library_class_loader.hpp:52[m[K,
[3.635s]                  from [01m[K/opt/ros/humble/include/pluginlib/pluginlib/class_loader.hpp:38[m[K,
[3.635s]                  from [01m[K/opt/ros/humble/include/nav2_costmap_2d/nav2_costmap_2d/costmap_2d_ros.hpp:54[m[K,
[3.635s]                  from [01m[K/opt/ros/humble/include/nav2_core/controller.hpp:42[m[K,
[3.635s]                  from [01m[K/home/goblue/my_ws/Yubot_controller/src/pure_controller.hpp:6[m[K,
[3.635s]                  from [01m[K/home/goblue/my_ws/Yubot_controller/src/pure_controller.cpp:1[m[K:
[3.635s] /opt/ros/humble/include/class_loader/class_loader/meta_object.hpp: In instantiation of â€˜[01m[KB* class_loader::impl::MetaObject<C, B>::create() const [with C = ac_controller::Pure_controller; B = nav2_core::Controller][m[Kâ€™:
[3.635s] [01m[K/opt/ros/humble/include/class_loader/class_loader/meta_object.hpp:216:7:[m[K   required from here
[3.635s] [01m[K/opt/ros/humble/include/class_loader/class_loader/meta_object.hpp:218:12:[m[K [01;31m[Kerror: [m[Kinvalid new-expression of abstract class type â€˜[01m[Kac_controller::Pure_controller[m[Kâ€™
[3.635s]   218 |     return [01;31m[Knew C[m[K;
[3.635s]       |            [01;31m[K^~~~~[m[K
[3.635s] In file included from [01m[K/home/goblue/my_ws/Yubot_controller/src/pure_controller.cpp:1[m[K:
[3.635s] [01m[K/home/goblue/my_ws/Yubot_controller/src/pure_controller.hpp:15:11:[m[K [01;36m[Knote: [m[K  because the following virtual functions are pure within â€˜[01m[Kac_controller::Pure_controller[m[Kâ€™:
[3.635s]    15 |     class [01;36m[KPure_controller[m[K : public nav2_core::Controller
[3.635s]       |           [01;36m[K^~~~~~~~~~~~~~~[m[K
[3.635s] In file included from [01m[K/home/goblue/my_ws/Yubot_controller/src/pure_controller.hpp:6[m[K,
[3.635s]                  from [01m[K/home/goblue/my_ws/Yubot_controller/src/pure_controller.cpp:1[m[K:
[3.635s] [01m[K/opt/ros/humble/include/nav2_core/controller.hpp:75:16:[m[K [01;36m[Knote: [m[K    â€˜[01m[Kvirtual void nav2_core::Controller::configure(const WeakPtr&, std::string, std::shared_ptr<tf2_ros::Buffer>, std::shared_ptr<nav2_costmap_2d::Costmap2DROS>)[m[Kâ€™
[3.635s]    75 |   virtual void [01;36m[Kconfigure[m[K(
[3.635s]       |                [01;36m[K^~~~~~~~~[m[K
[3.635s] [01m[K/opt/ros/humble/include/nav2_core/controller.hpp:114:44:[m[K [01;36m[Knote: [m[K    â€˜[01m[Kvirtual geometry_msgs::msg::TwistStamped nav2_core::Controller::computeVelocityCommands(const PoseStamped&, const Twist&, nav2_core::GoalChecker*)[m[Kâ€™
[3.635s]   114 |   virtual geometry_msgs::msg::TwistStamped [01;36m[KcomputeVelocityCommands[m[K(
[3.635s]       |                                            [01;36m[K^~~~~~~~~~~~~~~~~~~~~~~[m[K
[3.720s] cc1plus: all warnings being treated as errors
[3.730s] gmake[2]: *** [CMakeFiles/Yubot_controller.dir/build.make:76ï¼šCMakeFiles/Yubot_controller.dir/src/pure_controller.cpp.o] é”™è¯¯ 1
[3.730s] gmake[1]: *** [CMakeFiles/Makefile2:137ï¼šCMakeFiles/Yubot_controller.dir/all] é”™è¯¯ 2
[3.730s] gmake: *** [Makefile:146ï¼šall] é”™è¯¯ 2
[3.732s] Invoked command in '/home/goblue/my_ws/Yubot_controller/build/Yubot_controller' returned '2': CMAKE_PREFIX_PATH=${CMAKE_PREFIX_PATH}:/home/goblue/interbotix_ws/install/interbotix_xs_modules:/home/goblue/interbotix_ws/install/interbotix_common_modules:/opt/ros/humble /usr/bin/cmake --build /home/goblue/my_ws/Yubot_controller/build/Yubot_controller -- -j20 -l20
