[0.012s] Invoking command in '/home/goblue/my_ws/Yubot_controller/build/Yubot_controller': CMAKE_PREFIX_PATH=${CMAKE_PREFIX_PATH}:/home/goblue/interbotix_ws/install/interbotix_xs_modules:/home/goblue/interbotix_ws/install/interbotix_common_modules:/opt/ros/humble /usr/bin/cmake --build /home/goblue/my_ws/Yubot_controller/build/Yubot_controller -- -j20 -l20
[0.098s] [35m[1mConsolidate compiler generated dependencies of target Yubot_controller[0m
[0.111s] [ 50%] [32mBuilding CXX object CMakeFiles/Yubot_controller.dir/src/pure_controller.cpp.o[0m
[2.594s] In file included from [01m[K/home/goblue/my_ws/Yubot_controller/src/pure_controller.cpp:1[m[K:
[2.594s] [01m[K/home/goblue/my_ws/Yubot_controller/src/pure_controller.hpp:28:42:[m[K [01;31m[Kerror: [m[Kâ€˜[01m[Kgeometry_msgs::msg::TwistStamped ac_controller::Pure_controller::computeVelocityCmd(const PoseStamped&, const Twist&, nav2_core::GoalChecker*)[m[Kâ€™ marked â€˜[01m[Koverride[m[Kâ€™, but does not override
[2.594s]    28 |         geometry_msgs::msg::TwistStamped [01;31m[KcomputeVelocityCmd[m[K(const geometry_msgs::msg::PoseStamped& pose, const geometry_msgs::msg::Twist& velocity, nav2_core::GoalChecker* goal_checker) override;
[2.594s]       |                                          [01;31m[K^~~~~~~~~~~~~~~~~~[m[K
[2.607s] [01m[K/home/goblue/my_ws/Yubot_controller/src/pure_controller.cpp:[m[K In member function â€˜[01m[Kvirtual void ac_controller::Pure_controller::configure(const WeakPtr&, std::string, std::shared_ptr<tf2_ros::Buffer>, std::shared_ptr<nav2_costmap_2d::Costmap2DROS>)[m[Kâ€™:
[2.607s] [01m[K/home/goblue/my_ws/Yubot_controller/src/pure_controller.cpp:31:49:[m[K [01;31m[Kerror: [m[Kâ€˜[01m[Kplugin_name_[m[Kâ€™ was not declared in this scope
[2.607s]    31 |         declare_parameter_if_not_declared(node, [01;31m[Kplugin_name_[m[K + ".lookahead_dist",
[2.607s]       |                                                 [01;31m[K^~~~~~~~~~~~[m[K
[2.618s] In file included from [01m[K/usr/include/c++/11/bits/stl_algobase.h:67[m[K,
[2.618s]                  from [01m[K/usr/include/c++/11/memory:63[m[K,
[2.618s]                  from [01m[K/home/goblue/my_ws/Yubot_controller/src/pure_controller.hpp:4[m[K,
[2.618s]                  from [01m[K/home/goblue/my_ws/Yubot_controller/src/pure_controller.cpp:1[m[K:
[2.618s] /usr/include/c++/11/bits/stl_iterator.h: In instantiation of â€˜[01m[Kclass std::back_insert_iterator<nav_msgs::msg::Path_<std::allocator<void> > >[m[Kâ€™:
[2.618s] [01m[K/home/goblue/my_ws/Yubot_controller/src/pure_controller.cpp:151:66:[m[K   required from here
[2.618s] [01m[K/usr/include/c++/11/bits/stl_iterator.h:689:7:[m[K [01;31m[Kerror: [m[Kno type named â€˜[01m[Kvalue_type[m[Kâ€™ in â€˜[01m[Kstruct nav_msgs::msg::Path_<std::allocator<void> >[m[Kâ€™
[2.618s]   689 |       [01;31m[Koperator[m[K=(const typename _Container::value_type& __value)
[2.618s]       |       [01;31m[K^~~~~~~~[m[K
[2.618s] [01m[K/usr/include/c++/11/bits/stl_iterator.h:697:7:[m[K [01;31m[Kerror: [m[Kno type named â€˜[01m[Kvalue_type[m[Kâ€™ in â€˜[01m[Kstruct nav_msgs::msg::Path_<std::allocator<void> >[m[Kâ€™
[2.618s]   697 |       [01;31m[Koperator[m[K=(typename _Container::value_type&& __value)
[2.618s]       |       [01;31m[K^~~~~~~~[m[K
[2.740s] In file included from [01m[K/usr/include/c++/11/algorithm:62[m[K,
[2.740s]                  from [01m[K/opt/ros/humble/include/nav2_costmap_2d/nav2_costmap_2d/costmap_2d_publisher.hpp:42[m[K,
[2.740s]                  from [01m[K/opt/ros/humble/include/nav2_costmap_2d/nav2_costmap_2d/costmap_2d_ros.hpp:48[m[K,
[2.740s]                  from [01m[K/opt/ros/humble/include/nav2_core/controller.hpp:42[m[K,
[2.740s]                  from [01m[K/home/goblue/my_ws/Yubot_controller/src/pure_controller.hpp:6[m[K,
[2.740s]                  from [01m[K/home/goblue/my_ws/Yubot_controller/src/pure_controller.cpp:1[m[K:
[2.740s] /usr/include/c++/11/bits/stl_algo.h: In instantiation of â€˜[01m[K_OIter std::transform(_IIter, _IIter, _OIter, _UnaryOperation) [with _IIter = __gnu_cxx::__normal_iterator<geometry_msgs::msg::PoseStamped_<std::allocator<void> >*, std::vector<geometry_msgs::msg::PoseStamped_<std::allocator<void> >, std::allocator<geometry_msgs::msg::PoseStamped_<std::allocator<void> > > > >; _OIter = std::back_insert_iterator<nav_msgs::msg::Path_<std::allocator<void> > >; _UnaryOperation = ac_controller::Pure_controller::transformGlobalPlan(const PoseStamped&)::<lambda(const auto:44&)>][m[Kâ€™:
[2.740s] [01m[K/home/goblue/my_ws/Yubot_controller/src/pure_controller.cpp:151:21:[m[K   required from here
[2.740s] [01m[K/usr/include/c++/11/bits/stl_algo.h:4296:19:[m[K [01;31m[Kerror: [m[Kno match for â€˜[01m[Koperator=[m[Kâ€™ (operand types are â€˜[01m[Kstd::back_insert_iterator<nav_msgs::msg::Path_<std::allocator<void> > >[m[Kâ€™ and â€˜[01m[Kgeometry_msgs::msg::PoseStamped_<std::allocator<void> >[m[Kâ€™)
[2.740s]  4296 |         [01;31m[K*__result = __unary_op(*__first)[m[K;
[2.740s]       |         [01;31m[K~~~~~~~~~~^~~~~~~~~~~~~~~~~~~~~~[m[K
[2.740s] In file included from [01m[K/usr/include/c++/11/bits/stl_algobase.h:67[m[K,
[2.740s]                  from [01m[K/usr/include/c++/11/memory:63[m[K,
[2.740s]                  from [01m[K/home/goblue/my_ws/Yubot_controller/src/pure_controller.hpp:4[m[K,
[2.740s]                  from [01m[K/home/goblue/my_ws/Yubot_controller/src/pure_controller.cpp:1[m[K:
[2.740s] [01m[K/usr/include/c++/11/bits/stl_iterator.h:648:11:[m[K [01;36m[Knote: [m[Kcandidate: â€˜[01m[Kconstexpr std::back_insert_iterator<nav_msgs::msg::Path_<std::allocator<void> > >& std::back_insert_iterator<nav_msgs::msg::Path_<std::allocator<void> > >::operator=(const std::back_insert_iterator<nav_msgs::msg::Path_<std::allocator<void> > >&)[m[Kâ€™
[2.740s]   648 |     class [01;36m[Kback_insert_iterator[m[K
[2.740s]       |           [01;36m[K^~~~~~~~~~~~~~~~~~~~[m[K
[2.740s] [01m[K/usr/include/c++/11/bits/stl_iterator.h:648:11:[m[K [01;36m[Knote: [m[K  no known conversion for argument 1 from â€˜[01m[Kgeometry_msgs::msg::PoseStamped_<std::allocator<void> >[m[Kâ€™ to â€˜[01m[Kconst std::back_insert_iterator<nav_msgs::msg::Path_<std::allocator<void> > >&[m[Kâ€™
[2.740s] [01m[K/usr/include/c++/11/bits/stl_iterator.h:648:11:[m[K [01;36m[Knote: [m[Kcandidate: â€˜[01m[Kconstexpr std::back_insert_iterator<nav_msgs::msg::Path_<std::allocator<void> > >& std::back_insert_iterator<nav_msgs::msg::Path_<std::allocator<void> > >::operator=(std::back_insert_iterator<nav_msgs::msg::Path_<std::allocator<void> > >&&)[m[Kâ€™
[2.740s] [01m[K/usr/include/c++/11/bits/stl_iterator.h:648:11:[m[K [01;36m[Knote: [m[K  no known conversion for argument 1 from â€˜[01m[Kgeometry_msgs::msg::PoseStamped_<std::allocator<void> >[m[Kâ€™ to â€˜[01m[Kstd::back_insert_iterator<nav_msgs::msg::Path_<std::allocator<void> > >&&[m[Kâ€™
[3.799s] In file included from [01m[K/opt/ros/humble/include/class_loader/class_loader/class_loader_core.hpp:57[m[K,
[3.799s]                  from [01m[K/opt/ros/humble/include/class_loader/class_loader/class_loader.hpp:55[m[K,
[3.799s]                  from [01m[K/opt/ros/humble/include/class_loader/class_loader/multi_library_class_loader.hpp:52[m[K,
[3.799s]                  from [01m[K/opt/ros/humble/include/pluginlib/pluginlib/class_loader.hpp:38[m[K,
[3.799s]                  from [01m[K/opt/ros/humble/include/nav2_costmap_2d/nav2_costmap_2d/costmap_2d_ros.hpp:54[m[K,
[3.799s]                  from [01m[K/opt/ros/humble/include/nav2_core/controller.hpp:42[m[K,
[3.799s]                  from [01m[K/home/goblue/my_ws/Yubot_controller/src/pure_controller.hpp:6[m[K,
[3.800s]                  from [01m[K/home/goblue/my_ws/Yubot_controller/src/pure_controller.cpp:1[m[K:
[3.800s] /opt/ros/humble/include/class_loader/class_loader/meta_object.hpp: In instantiation of â€˜[01m[KB* class_loader::impl::MetaObject<C, B>::create() const [with C = ac_controller::Pure_controller; B = nav2_core::Controller][m[Kâ€™:
[3.800s] [01m[K/opt/ros/humble/include/class_loader/class_loader/meta_object.hpp:216:7:[m[K   required from here
[3.800s] [01m[K/opt/ros/humble/include/class_loader/class_loader/meta_object.hpp:218:12:[m[K [01;31m[Kerror: [m[Kinvalid new-expression of abstract class type â€˜[01m[Kac_controller::Pure_controller[m[Kâ€™
[3.800s]   218 |     return [01;31m[Knew C[m[K;
[3.800s]       |            [01;31m[K^~~~~[m[K
[3.800s] In file included from [01m[K/home/goblue/my_ws/Yubot_controller/src/pure_controller.cpp:1[m[K:
[3.800s] [01m[K/home/goblue/my_ws/Yubot_controller/src/pure_controller.hpp:15:11:[m[K [01;36m[Knote: [m[K  because the following virtual functions are pure within â€˜[01m[Kac_controller::Pure_controller[m[Kâ€™:
[3.800s]    15 |     class [01;36m[KPure_controller[m[K : public nav2_core::Controller
[3.800s]       |           [01;36m[K^~~~~~~~~~~~~~~[m[K
[3.800s] In file included from [01m[K/home/goblue/my_ws/Yubot_controller/src/pure_controller.hpp:6[m[K,
[3.800s]                  from [01m[K/home/goblue/my_ws/Yubot_controller/src/pure_controller.cpp:1[m[K:
[3.800s] [01m[K/opt/ros/humble/include/nav2_core/controller.hpp:114:44:[m[K [01;36m[Knote: [m[K    â€˜[01m[Kvirtual geometry_msgs::msg::TwistStamped nav2_core::Controller::computeVelocityCommands(const PoseStamped&, const Twist&, nav2_core::GoalChecker*)[m[Kâ€™
[3.800s]   114 |   virtual geometry_msgs::msg::TwistStamped [01;36m[KcomputeVelocityCommands[m[K(
[3.800s]       |                                            [01;36m[K^~~~~~~~~~~~~~~~~~~~~~~[m[K
[3.965s] gmake[2]: *** [CMakeFiles/Yubot_controller.dir/build.make:76ï¼šCMakeFiles/Yubot_controller.dir/src/pure_controller.cpp.o] é”™è¯¯ 1
[3.965s] gmake[1]: *** [CMakeFiles/Makefile2:137ï¼šCMakeFiles/Yubot_controller.dir/all] é”™è¯¯ 2
[3.965s] gmake: *** [Makefile:146ï¼šall] é”™è¯¯ 2
[3.967s] Invoked command in '/home/goblue/my_ws/Yubot_controller/build/Yubot_controller' returned '2': CMAKE_PREFIX_PATH=${CMAKE_PREFIX_PATH}:/home/goblue/interbotix_ws/install/interbotix_xs_modules:/home/goblue/interbotix_ws/install/interbotix_common_modules:/opt/ros/humble /usr/bin/cmake --build /home/goblue/my_ws/Yubot_controller/build/Yubot_controller -- -j20 -l20
