[0.009s] Invoking command in '/home/goblue/my_ws/Yubot_controller/build/Yubot_controller': CMAKE_PREFIX_PATH=${CMAKE_PREFIX_PATH}:/home/goblue/interbotix_ws/install/interbotix_xs_modules:/home/goblue/interbotix_ws/install/interbotix_common_modules:/opt/ros/humble /usr/bin/cmake /home/goblue/my_ws/Yubot_controller -DCMAKE_INSTALL_PREFIX=/home/goblue/my_ws/Yubot_controller/install/Yubot_controller
[0.140s] -- The C compiler identification is GNU 11.4.0
[1.174s] -- The CXX compiler identification is GNU 11.4.0
[1.656s] -- Detecting C compiler ABI info
[1.801s] -- Detecting C compiler ABI info - done
[1.805s] -- Check for working C compiler: /usr/bin/cc - skipped
[1.806s] -- Detecting C compile features
[1.806s] -- Detecting C compile features - done
[1.808s] -- Detecting CXX compiler ABI info
[2.076s] -- Detecting CXX compiler ABI info - done
[2.081s] -- Check for working CXX compiler: /usr/bin/c++ - skipped
[2.081s] -- Detecting CXX compile features
[2.081s] -- Detecting CXX compile features - done
[2.084s] -- Found ament_cmake: 1.3.10 (/opt/ros/humble/share/ament_cmake/cmake)
[2.173s] -- Found Python3: /usr/bin/python3 (found version "3.10.12") found components: Interpreter 
[2.242s] -- Found nav2_common: 1.1.17 (/opt/ros/humble/share/nav2_common/cmake)
[2.244s] -- Found nav2_core: 1.1.17 (/opt/ros/humble/share/nav2_core/cmake)
[2.472s] -- Found rosidl_generator_c: 3.1.5 (/opt/ros/humble/share/rosidl_generator_c/cmake)
[2.477s] -- Found rosidl_adapter: 3.1.5 (/opt/ros/humble/share/rosidl_adapter/cmake)
[2.483s] -- Found rosidl_generator_cpp: 3.1.5 (/opt/ros/humble/share/rosidl_generator_cpp/cmake)
[2.493s] -- Using all available rosidl_typesupport_c: rosidl_typesupport_fastrtps_c;rosidl_typesupport_introspection_c
[2.506s] -- Using all available rosidl_typesupport_cpp: rosidl_typesupport_fastrtps_cpp;rosidl_typesupport_introspection_cpp
[2.542s] -- Found rmw_implementation_cmake: 6.1.2 (/opt/ros/humble/share/rmw_implementation_cmake/cmake)
[2.545s] -- Found rmw_fastrtps_cpp: 6.2.7 (/opt/ros/humble/share/rmw_fastrtps_cpp/cmake)
[4.992s] -- Found OpenSSL: /usr/lib/x86_64-linux-gnu/libcrypto.so (found version "3.0.2")  
[7.420s] -- Found FastRTPS: /opt/ros/humble/include  
[10.490s] -- Using RMW implementation 'rmw_fastrtps_cpp' as default
[10.498s] -- Looking for pthread.h
[10.641s] -- Looking for pthread.h - found
[10.641s] -- Performing Test CMAKE_HAVE_LIBC_PTHREAD
[10.825s] -- Performing Test CMAKE_HAVE_LIBC_PTHREAD - Success
[10.826s] -- Found Threads: TRUE  
[11.215s] -- Found Eigen3: TRUE (found version "3.4.0") 
[11.215s] -- Ensuring Eigen3 include directory is part of orocos-kdl CMake target
[13.366s] -- Setting build type to Release as none was specified.
[13.431s] -- Found ament_lint_auto: 0.12.11 (/opt/ros/humble/share/ament_lint_auto/cmake)
[13.466s] WARNING: Package name "Yubot_controller" does not follow the naming conventions. It should start with a lower case letter and only contain lower case letters, digits, underscores, and dashes.
[13.497s] -- Added test 'cppcheck' to perform static code analysis on C / C++ code
[13.497s] -- Configured cppcheck include dirs: /home/goblue/my_ws/Yubot_controller/include
[13.497s] -- Configured cppcheck exclude dirs and/or files: 
[13.502s] -- Added test 'cpplint' to check C / C++ code against the Google style
[13.502s] -- Configured cpplint exclude dirs and/or files: 
[13.503s] -- Added test 'flake8' to check Python code syntax and style conventions
[13.504s] -- Added test 'lint_cmake' to check CMake code style
[13.505s] -- Added test 'pep257' to check Python code against some of the docstring style conventions in PEP 257
[13.509s] -- Added test 'uncrustify' to check C / C++ code style
[13.509s] -- Configured uncrustify additional arguments: 
[13.510s] -- Added test 'xmllint' to check XML markup files
[13.512s] -- Configuring done
[13.543s] -- Generating done
[13.545s] -- Build files have been written to: /home/goblue/my_ws/Yubot_controller/build/Yubot_controller
[13.555s] Invoked command in '/home/goblue/my_ws/Yubot_controller/build/Yubot_controller' returned '0': CMAKE_PREFIX_PATH=${CMAKE_PREFIX_PATH}:/home/goblue/interbotix_ws/install/interbotix_xs_modules:/home/goblue/interbotix_ws/install/interbotix_common_modules:/opt/ros/humble /usr/bin/cmake /home/goblue/my_ws/Yubot_controller -DCMAKE_INSTALL_PREFIX=/home/goblue/my_ws/Yubot_controller/install/Yubot_controller
[13.557s] Invoking command in '/home/goblue/my_ws/Yubot_controller/build/Yubot_controller': CMAKE_PREFIX_PATH=${CMAKE_PREFIX_PATH}:/home/goblue/interbotix_ws/install/interbotix_xs_modules:/home/goblue/interbotix_ws/install/interbotix_common_modules:/opt/ros/humble /usr/bin/cmake --build /home/goblue/my_ws/Yubot_controller/build/Yubot_controller -- -j20 -l20
[13.590s] [ 50%] [32mBuilding CXX object CMakeFiles/Yubot_controller.dir/src/pure_controller.cpp.o[0m
[13.596s] [01m[K/home/goblue/my_ws/Yubot_controller/src/pure_controller.cpp:2:10:[m[K [01;31m[Kfatal error: [m[KYubot_controller/pure_controller.hpp: æ²¡æœ‰é‚£ä¸ªæ–‡ä»¶æˆ–ç›®å½•
[13.596s]     2 | #include [01;31m[K"Yubot_controller/pure_controller.hpp"[m[K
[13.596s]       |          [01;31m[K^~~~~~~~~~~~~~~~~~~~~~~~~~~~~~~~~~~~~~[m[K
[13.596s] compilation terminated.
[13.596s] gmake[2]: *** [CMakeFiles/Yubot_controller.dir/build.make:76ï¼šCMakeFiles/Yubot_controller.dir/src/pure_controller.cpp.o] é”™è¯¯ 1
[13.596s] gmake[1]: *** [CMakeFiles/Makefile2:137ï¼šCMakeFiles/Yubot_controller.dir/all] é”™è¯¯ 2
[13.597s] gmake: *** [Makefile:146ï¼šall] é”™è¯¯ 2
[13.599s] Invoked command in '/home/goblue/my_ws/Yubot_controller/build/Yubot_controller' returned '2': CMAKE_PREFIX_PATH=${CMAKE_PREFIX_PATH}:/home/goblue/interbotix_ws/install/interbotix_xs_modules:/home/goblue/interbotix_ws/install/interbotix_common_modules:/opt/ros/humble /usr/bin/cmake --build /home/goblue/my_ws/Yubot_controller/build/Yubot_controller -- -j20 -l20
