[0.014s] Invoking command in '/home/goblue/my_ws/Yubot_controller/build/Yubot_controller': CMAKE_PREFIX_PATH=${CMAKE_PREFIX_PATH}:/home/goblue/interbotix_ws/install/interbotix_xs_modules:/home/goblue/interbotix_ws/install/interbotix_common_modules:/opt/ros/humble /usr/bin/cmake --build /home/goblue/my_ws/Yubot_controller/build/Yubot_controller -- -j20 -l20
[0.091s] [35m[1mConsolidate compiler generated dependencies of target Yubot_controller[0m
[0.104s] [ 50%] [32mBuilding CXX object CMakeFiles/Yubot_controller.dir/src/pure_controller.cpp.o[0m
[2.642s] In file included from [01m[K/home/goblue/my_ws/Yubot_controller/src/pure_controller.cpp:1[m[K:
[2.643s] [01m[K/home/goblue/my_ws/Yubot_controller/src/pure_controller.hpp:20:14:[m[K [01;31m[Kerror: [m[Kâ€˜[01m[Kvoid ac_controller::Pure_controller::configure(const WeakPtr&, std::string, std::string, std::shared_ptr<tf2_ros::Buffer>, std::shared_ptr<nav2_costmap_2d::Costmap2DROS>)[m[Kâ€™ marked â€˜[01m[Koverride[m[Kâ€™, but does not override
[2.643s]    20 |         void [01;31m[Kconfigure[m[K(const rclcpp_lifecycle::LifecycleNode::WeakPtr & parent,std::string name,
[2.643s]       |              [01;31m[K^~~~~~~~~[m[K
[2.643s] [01m[K/home/goblue/my_ws/Yubot_controller/src/pure_controller.hpp:28:42:[m[K [01;31m[Kerror: [m[Kâ€˜[01m[Kgeometry_msgs::msg::TwistStamped ac_controller::Pure_controller::computeVelocityCmd(const PoseStamped&, const Twist&, nav2_core::GoalChecker*)[m[Kâ€™ marked â€˜[01m[Koverride[m[Kâ€™, but does not override
[2.643s]    28 |         geometry_msgs::msg::TwistStamped [01;31m[KcomputeVelocityCmd[m[K(const geometry_msgs::msg::PoseStamped& pose, const geometry_msgs::msg::Twist& velocity, nav2_core::GoalChecker* goal_checker) override;
[2.643s]       |                                          [01;31m[K^~~~~~~~~~~~~~~~~~[m[K
[2.643s] [01m[K/home/goblue/my_ws/Yubot_controller/src/pure_controller.cpp:5:18:[m[K [01;31m[Kerror: [m[Kâ€˜[01m[Kdeclare_parameter_if_not_declared[m[Kâ€™ has not been declared in â€˜[01m[Knav2_util[m[Kâ€™
[2.643s]     5 | using nav2_util::[01;31m[Kdeclare_parameter_if_not_declared[m[K;
[2.643s]       |                  [01;31m[K^~~~~~~~~~~~~~~~~~~~~~~~~~~~~~~~~[m[K
[2.643s] [01m[K/home/goblue/my_ws/Yubot_controller/src/pure_controller.cpp:6:18:[m[K [01;31m[Kerror: [m[Kâ€˜[01m[Knav2_util::geometry_utils[m[Kâ€™ has not been declared
[2.643s]     6 | using nav2_util::[01;31m[Kgeometry_utils[m[K::euclidean_distance;
[2.643s]       |                  [01;31m[K^~~~~~~~~~~~~~[m[K
[2.649s] [01m[K/home/goblue/my_ws/Yubot_controller/src/pure_controller.cpp:[m[K In member function â€˜[01m[Kvoid ac_controller::Pure_controller::configure(const WeakPtr&, std::string, std::string, std::shared_ptr<tf2_ros::Buffer>, std::shared_ptr<nav2_costmap_2d::Costmap2DROS>)[m[Kâ€™:
[2.649s] [01m[K/home/goblue/my_ws/Yubot_controller/src/pure_controller.cpp:21:19:[m[K [01;31m[Kerror: [m[Kâ€˜[01m[Knode[m[Kâ€™ was not declared in this scope; did you mean â€˜[01m[Knode_[m[Kâ€™?
[2.649s]    21 |         logger_ = [01;31m[Knode[m[K->get_logger();
[2.649s]       |                   [01;31m[K^~~~[m[K
[2.649s]       |                   [32m[Knode_[m[K
[2.649s] [01m[K/home/goblue/my_ws/Yubot_controller/src/pure_controller.cpp:24:23:[m[K [01;31m[Kerror: [m[Kexpected â€˜[01m[K;[m[Kâ€™ before â€˜[01m[Kauto[m[Kâ€™
[2.649s]    24 |         node_ = parent
[2.649s]       |                       [01;31m[K^[m[K
[2.649s]       |                       [32m[K;[m[K
[2.649s]    25 |         [32m[Kauto[m[K node = parent.lock();      //returns a sharedptr if parent exists
[2.649s]       |         [32m[K~~~~[m[K           
[2.654s] [01m[K/home/goblue/my_ws/Yubot_controller/src/pure_controller.cpp:26:49:[m[K [01;31m[Kerror: [m[Kâ€˜[01m[Kplugin_name_[m[Kâ€™ was not declared in this scope
[2.654s]    26 |         declare_parameter_if_not_declared(node, [01;31m[Kplugin_name_[m[K + ".lookahead_dist",
[2.654s]       |                                                 [01;31m[K^~~~~~~~~~~~[m[K
[2.664s] [01m[K/home/goblue/my_ws/Yubot_controller/src/pure_controller.cpp:26:9:[m[K [01;31m[Kerror: [m[Kâ€˜[01m[Kdeclare_parameter_if_not_declared[m[Kâ€™ was not declared in this scope
[2.665s]    26 |         [01;31m[Kdeclare_parameter_if_not_declared[m[K(node, plugin_name_ + ".lookahead_dist",
[2.665s]       |         [01;31m[K^~~~~~~~~~~~~~~~~~~~~~~~~~~~~~~~~[m[K
[2.665s] [01m[K/home/goblue/my_ws/Yubot_controller/src/pure_controller.cpp:42:65:[m[K [01;31m[Kerror: [m[Kexpected primary-expression before â€˜[01m[K>[m[Kâ€™ token
[2.665s]    42 |         global_pub_ = node->create_publisher<nav_msgs::msg::Path[01;31m[K>[m[K("received_global_plan", 1);    //create path publisher
[2.665s]       |                                                                 [01;31m[K^[m[K
[2.665s] [01m[K/home/goblue/my_ws/Yubot_controller/src/pure_controller.cpp:42:67:[m[K [01;31m[Kerror: [m[Kleft operand of comma operator has no effect [[01;31m[K]8;;https://gcc.gnu.org/onlinedocs/gcc/Warning-Options.html#index-Wunused-value-Werror=unused-value]8;;[m[K]
[2.665s]    42 |         global_pub_ = node->create_publisher<nav_msgs::msg::Path>([01;31m[K"received_global_plan"[m[K, 1);    //create path publisher
[2.665s]       |                                                                   [01;31m[K^~~~~~~~~~~~~~~~~~~~~~[m[K
[2.674s] In file included from [01m[K/opt/ros/humble/include/rclcpp/rclcpp/logging.hpp:24[m[K,
[2.674s]                  from [01m[K/opt/ros/humble/include/rclcpp/rclcpp/client.hpp:40[m[K,
[2.674s]                  from [01m[K/opt/ros/humble/include/rclcpp/rclcpp/callback_group.hpp:24[m[K,
[2.674s]                  from [01m[K/opt/ros/humble/include/rclcpp_lifecycle/rclcpp_lifecycle/lifecycle_node.hpp:55[m[K,
[2.674s]                  from [01m[K/opt/ros/humble/include/nav2_costmap_2d/nav2_costmap_2d/costmap_2d_publisher.hpp:46[m[K,
[2.674s]                  from [01m[K/opt/ros/humble/include/nav2_costmap_2d/nav2_costmap_2d/costmap_2d_ros.hpp:48[m[K,
[2.674s]                  from [01m[K/opt/ros/humble/include/nav2_core/controller.hpp:42[m[K,
[2.674s]                  from [01m[K/home/goblue/my_ws/Yubot_controller/src/pure_controller.hpp:6[m[K,
[2.674s]                  from [01m[K/home/goblue/my_ws/Yubot_controller/src/pure_controller.cpp:1[m[K:
[2.674s] [01m[K/home/goblue/my_ws/Yubot_controller/src/pure_controller.cpp:[m[K In member function â€˜[01m[Kgeometry_msgs::msg::TwistStamped ac_controller::Pure_controller::computeVelocityCmd(const PoseStamped&, const Twist&, nav2_core::GoalChecker*)[m[Kâ€™:
[2.674s] [01m[K/home/goblue/my_ws/Yubot_controller/src/pure_controller.cpp:84:29:[m[K [01;31m[Kerror: [m[Kformat â€˜[01m[K%d[m[Kâ€™ expects argument of type â€˜[01m[Kint[m[Kâ€™, but argument 5 has type â€˜[01m[Kstd::vector<geometry_msgs::msg::PoseStamped_<std::allocator<void> >, std::allocator<geometry_msgs::msg::PoseStamped_<std::allocator<void> > > >::size_type[m[Kâ€™ {aka â€˜[01m[Klong unsigned int[m[Kâ€™} [[01;31m[K]8;;https://gcc.gnu.org/onlinedocs/gcc/Warning-Options.html#index-Wformat=-Werror=format=]8;;[m[K]
[2.675s]    84 |         RCLCPP_INFO(logger_,[01;31m[K"Local Plan generated, lenth: %d."[m[K,[32m[Ktransformed_plan.poses.size()[m[K);
[2.675s]       |                             [01;31m[K^~~~~~~~~~~~~~~~~~~~~~~~~~~~~~~~~~[m[K [32m[K~~~~~~~~~~~~~~~~~~~~~~~~~~~~~[m[K
[2.675s]       |                                                                                           [32m[K|[m[K
[2.675s]       |                                                                                           [32m[Kstd::vector<geometry_msgs::msg::PoseStamped_<std::allocator<void> >, std::allocator<geometry_msgs::msg::PoseStamped_<std::allocator<void> > > >::size_type {aka long unsigned int}[m[K
[2.675s] [01m[K/home/goblue/my_ws/Yubot_controller/src/pure_controller.cpp:84:60:[m[K [01;36m[Knote: [m[Kformat string is defined here
[2.675s]    84 |         RCLCPP_INFO(logger_,"Local Plan generated, lenth: [01;36m[K%d[m[K.",transformed_plan.poses.size());
[2.675s]       |                                                           [01;36m[K~^[m[K
[2.675s]       |                                                            [01;36m[K|[m[K
[2.675s]       |                                                            [01;36m[Kint[m[K
[2.675s]       |                                                           [32m[K%ld[m[K
[2.679s] [01m[K/home/goblue/my_ws/Yubot_controller/src/pure_controller.cpp:94:27:[m[K [01;31m[Kerror: [m[Kâ€˜[01m[Kmax_speed[m[Kâ€™ was not declared in this scope; did you mean â€˜[01m[Kmax_speed_[m[Kâ€™?
[2.679s]    94 |             linear_vel = -[01;31m[Kmax_speed[m[K;
[2.679s]       |                           [01;31m[K^~~~~~~~~[m[K
[2.680s]       |                           [32m[Kmax_speed_[m[K
[2.680s] [01m[K/home/goblue/my_ws/Yubot_controller/src/pure_controller.cpp:98:81:[m[K [01;31m[Kerror: [m[Kinvalid type argument of unary â€˜[01m[K*[m[Kâ€™ (have â€˜[01m[Kint[m[Kâ€™)
[2.680s]    98 |            double curvature = (2 * goal_pose.position.y)/(goal_pose.position.y *[01;31m[K* 2[m[K + goal_pose.position.x ** 2);
[2.680s]       |                                                                                 [01;31m[K^~~[m[K
[2.680s] [01m[K/home/goblue/my_ws/Yubot_controller/src/pure_controller.cpp:98:109:[m[K [01;31m[Kerror: [m[Kinvalid type argument of unary â€˜[01m[K*[m[Kâ€™ (have â€˜[01m[Kint[m[Kâ€™)
[2.680s]    98 |            double curvature = (2 * goal_pose.position.y)/(goal_pose.position.y ** 2 + goal_pose.position.x *[01;31m[K* 2[m[K);
[2.680s]       |                                                                                                             [01;31m[K^~~[m[K
[2.681s] [01m[K/home/goblue/my_ws/Yubot_controller/src/pure_controller.cpp:[m[K In member function â€˜[01m[Knav_msgs::msg::Path ac_controller::Pure_controller::transformGlobalPlan(const PoseStamped&)[m[Kâ€™:
[2.681s] [01m[K/home/goblue/my_ws/Yubot_controller/src/pure_controller.cpp:109:30:[m[K [01;31m[Kerror: [m[Kâ€˜[01m[KPlannerException[m[Kâ€™ is not a member of â€˜[01m[Knav2_core[m[Kâ€™
[2.681s]   109 |             throw nav2_core::[01;31m[KPlannerException[m[K("Received plan with zero length");
[2.681s]       |                              [01;31m[K^~~~~~~~~~~~~~~~[m[K
[2.681s] [01m[K/home/goblue/my_ws/Yubot_controller/src/pure_controller.cpp:114:26:[m[K [01;31m[Kerror: [m[Kâ€˜[01m[KPlannerException[m[Kâ€™ is not a member of â€˜[01m[Knav2_core[m[Kâ€™
[2.681s]   114 |         throw nav2_core::[01;31m[KPlannerException[m[K(
[2.681s]       |                          [01;31m[K^~~~~~~~~~~~~~~~[m[K
[2.681s] [01m[K/home/goblue/my_ws/Yubot_controller/src/pure_controller.cpp:123:11:[m[K [01;31m[Kerror: [m[Kexpected â€˜[01m[K,[m[Kâ€™ or â€˜[01m[K;[m[Kâ€™ before â€˜[01m[Kauto[m[Kâ€™
[2.681s]   123 |           [01;31m[Kauto[m[K min_it = it;
[2.681s]       |           [01;31m[K^~~~[m[K
[2.688s] [01m[K/home/goblue/my_ws/Yubot_controller/src/pure_controller.cpp:126:16:[m[K [01;31m[Kerror: [m[Kâ€˜[01m[Keuclidean_distance[m[Kâ€™ was not declared in this scope
[2.688s]   126 |             if([01;31m[Keuclidean_distance[m[K(robot_pose,*it)<=min_dis)
[2.688s]       |                [01;31m[K^~~~~~~~~~~~~~~~~~[m[K
[2.692s] [01m[K/home/goblue/my_ws/Yubot_controller/src/pure_controller.cpp:128:17:[m[K [01;31m[Kerror: [m[Kâ€˜[01m[Kmin_it[m[Kâ€™ was not declared in this scope; did you mean â€˜[01m[Kmin_dis[m[Kâ€™?
[2.692s]   128 |                 [01;31m[Kmin_it[m[K = it;
[2.692s]       |                 [01;31m[K^~~~~~[m[K
[2.692s]       |                 [32m[Kmin_dis[m[K
[2.695s] [01m[K/home/goblue/my_ws/Yubot_controller/src/pure_controller.cpp:134:24:[m[K [01;31m[Kerror: [m[Kâ€˜[01m[Kmin_it[m[Kâ€™ was not declared in this scope; did you mean â€˜[01m[Kmin_dis[m[Kâ€™?
[2.695s]   134 |           std::find_if([01;31m[Kmin_it[m[K, end(global_plan_.poses),
[2.695s]       |                        [01;31m[K^~~~~~[m[K
[2.695s]       |                        [32m[Kmin_dis[m[K
[2.696s] In file included from [01m[K/usr/include/c++/11/bits/stl_algobase.h:67[m[K,
[2.696s]                  from [01m[K/usr/include/c++/11/memory:63[m[K,
[2.696s]                  from [01m[K/home/goblue/my_ws/Yubot_controller/src/pure_controller.hpp:4[m[K,
[2.696s]                  from [01m[K/home/goblue/my_ws/Yubot_controller/src/pure_controller.cpp:1[m[K:
[2.696s] /usr/include/c++/11/bits/stl_iterator.h: In instantiation of â€˜[01m[Kclass std::back_insert_iterator<nav_msgs::msg::Path_<std::allocator<void> > >[m[Kâ€™:
[2.696s] [01m[K/home/goblue/my_ws/Yubot_controller/src/pure_controller.cpp:149:66:[m[K   required from here
[2.696s] [01m[K/usr/include/c++/11/bits/stl_iterator.h:689:7:[m[K [01;31m[Kerror: [m[Kno type named â€˜[01m[Kvalue_type[m[Kâ€™ in â€˜[01m[Kstruct nav_msgs::msg::Path_<std::allocator<void> >[m[Kâ€™
[2.696s]   689 |       [01;31m[Koperator[m[K=(const typename _Container::value_type& __value)
[2.696s]       |       [01;31m[K^~~~~~~~[m[K
[2.696s] [01m[K/usr/include/c++/11/bits/stl_iterator.h:697:7:[m[K [01;31m[Kerror: [m[Kno type named â€˜[01m[Kvalue_type[m[Kâ€™ in â€˜[01m[Kstruct nav_msgs::msg::Path_<std::allocator<void> >[m[Kâ€™
[2.696s]   697 |       [01;31m[Koperator[m[K=(typename _Container::value_type&& __value)
[2.696s]       |       [01;31m[K^~~~~~~~[m[K
[2.697s] [01m[K/home/goblue/my_ws/Yubot_controller/src/pure_controller.cpp:158:22:[m[K [01;31m[Kerror: [m[Kâ€˜[01m[KPlannerException[m[Kâ€™ is not a member of â€˜[01m[Knav2_core[m[Kâ€™
[2.697s]   158 |     throw nav2_core::[01;31m[KPlannerException[m[K("Resulting plan has 0 poses in it.");
[2.697s]       |                      [01;31m[K^~~~~~~~~~~~~~~~[m[K
[3.723s] In file included from [01m[K/opt/ros/humble/include/class_loader/class_loader/class_loader_core.hpp:57[m[K,
[3.723s]                  from [01m[K/opt/ros/humble/include/class_loader/class_loader/class_loader.hpp:55[m[K,
[3.723s]                  from [01m[K/opt/ros/humble/include/class_loader/class_loader/multi_library_class_loader.hpp:52[m[K,
[3.723s]                  from [01m[K/opt/ros/humble/include/pluginlib/pluginlib/class_loader.hpp:38[m[K,
[3.723s]                  from [01m[K/opt/ros/humble/include/nav2_costmap_2d/nav2_costmap_2d/costmap_2d_ros.hpp:54[m[K,
[3.723s]                  from [01m[K/opt/ros/humble/include/nav2_core/controller.hpp:42[m[K,
[3.723s]                  from [01m[K/home/goblue/my_ws/Yubot_controller/src/pure_controller.hpp:6[m[K,
[3.723s]                  from [01m[K/home/goblue/my_ws/Yubot_controller/src/pure_controller.cpp:1[m[K:
[3.723s] /opt/ros/humble/include/class_loader/class_loader/meta_object.hpp: In instantiation of â€˜[01m[KB* class_loader::impl::MetaObject<C, B>::create() const [with C = ac_controller::Pure_controller; B = nav2_core::Controller][m[Kâ€™:
[3.723s] [01m[K/opt/ros/humble/include/class_loader/class_loader/meta_object.hpp:216:7:[m[K   required from here
[3.723s] [01m[K/opt/ros/humble/include/class_loader/class_loader/meta_object.hpp:218:12:[m[K [01;31m[Kerror: [m[Kinvalid new-expression of abstract class type â€˜[01m[Kac_controller::Pure_controller[m[Kâ€™
[3.723s]   218 |     return [01;31m[Knew C[m[K;
[3.723s]       |            [01;31m[K^~~~~[m[K
[3.723s] In file included from [01m[K/home/goblue/my_ws/Yubot_controller/src/pure_controller.cpp:1[m[K:
[3.723s] [01m[K/home/goblue/my_ws/Yubot_controller/src/pure_controller.hpp:15:11:[m[K [01;36m[Knote: [m[K  because the following virtual functions are pure within â€˜[01m[Kac_controller::Pure_controller[m[Kâ€™:
[3.723s]    15 |     class [01;36m[KPure_controller[m[K : public nav2_core::Controller
[3.723s]       |           [01;36m[K^~~~~~~~~~~~~~~[m[K
[3.723s] In file included from [01m[K/home/goblue/my_ws/Yubot_controller/src/pure_controller.hpp:6[m[K,
[3.723s]                  from [01m[K/home/goblue/my_ws/Yubot_controller/src/pure_controller.cpp:1[m[K:
[3.723s] [01m[K/opt/ros/humble/include/nav2_core/controller.hpp:75:16:[m[K [01;36m[Knote: [m[K    â€˜[01m[Kvirtual void nav2_core::Controller::configure(const WeakPtr&, std::string, std::shared_ptr<tf2_ros::Buffer>, std::shared_ptr<nav2_costmap_2d::Costmap2DROS>)[m[Kâ€™
[3.723s]    75 |   virtual void [01;36m[Kconfigure[m[K(
[3.723s]       |                [01;36m[K^~~~~~~~~[m[K
[3.723s] [01m[K/opt/ros/humble/include/nav2_core/controller.hpp:114:44:[m[K [01;36m[Knote: [m[K    â€˜[01m[Kvirtual geometry_msgs::msg::TwistStamped nav2_core::Controller::computeVelocityCommands(const PoseStamped&, const Twist&, nav2_core::GoalChecker*)[m[Kâ€™
[3.724s]   114 |   virtual geometry_msgs::msg::TwistStamped [01;36m[KcomputeVelocityCommands[m[K(
[3.724s]       |                                            [01;36m[K^~~~~~~~~~~~~~~~~~~~~~~[m[K
[3.816s] cc1plus: all warnings being treated as errors
[3.826s] gmake[2]: *** [CMakeFiles/Yubot_controller.dir/build.make:76ï¼šCMakeFiles/Yubot_controller.dir/src/pure_controller.cpp.o] é”™è¯¯ 1
[3.826s] gmake[1]: *** [CMakeFiles/Makefile2:137ï¼šCMakeFiles/Yubot_controller.dir/all] é”™è¯¯ 2
[3.826s] gmake: *** [Makefile:146ï¼šall] é”™è¯¯ 2
[3.829s] Invoked command in '/home/goblue/my_ws/Yubot_controller/build/Yubot_controller' returned '2': CMAKE_PREFIX_PATH=${CMAKE_PREFIX_PATH}:/home/goblue/interbotix_ws/install/interbotix_xs_modules:/home/goblue/interbotix_ws/install/interbotix_common_modules:/opt/ros/humble /usr/bin/cmake --build /home/goblue/my_ws/Yubot_controller/build/Yubot_controller -- -j20 -l20
