[0.016s] Invoking command in '/home/goblue/my_ws/yubot_purepursuit_controller/build/yubot_purepursuit_controller': /usr/bin/cmake --build /home/goblue/my_ws/yubot_purepursuit_controller/build/yubot_purepursuit_controller -- -j20 -l20
[0.037s] -- Found ament_cmake: 1.3.10 (/opt/ros/humble/share/ament_cmake/cmake)
[0.145s] -- Found nav2_common: 1.1.17 (/opt/ros/humble/share/nav2_common/cmake)
[0.146s] -- Found nav2_core: 1.1.17 (/opt/ros/humble/share/nav2_core/cmake)
[0.469s] -- Found rosidl_generator_c: 3.1.5 (/opt/ros/humble/share/rosidl_generator_c/cmake)
[0.471s] -- Found rosidl_adapter: 3.1.5 (/opt/ros/humble/share/rosidl_adapter/cmake)
[0.476s] -- Found rosidl_generator_cpp: 3.1.5 (/opt/ros/humble/share/rosidl_generator_cpp/cmake)
[0.484s] -- Using all available rosidl_typesupport_c: rosidl_typesupport_fastrtps_c;rosidl_typesupport_introspection_c
[0.495s] -- Using all available rosidl_typesupport_cpp: rosidl_typesupport_fastrtps_cpp;rosidl_typesupport_introspection_cpp
[0.666s] -- Found rmw_implementation_cmake: 6.1.2 (/opt/ros/humble/share/rmw_implementation_cmake/cmake)
[0.668s] -- Found rmw_fastrtps_cpp: 6.2.7 (/opt/ros/humble/share/rmw_fastrtps_cpp/cmake)
[10.455s] -- Using RMW implementation 'rmw_fastrtps_cpp' as default
[10.687s] -- Ensuring Eigen3 include directory is part of orocos-kdl CMake target
[13.889s] -- Found nav2_bringup: 1.1.17 (/opt/ros/humble/share/nav2_bringup/cmake)
[13.986s] -- Found ament_lint_auto: 0.12.11 (/opt/ros/humble/share/ament_lint_auto/cmake)
[14.041s] Error parsing '/home/goblue/my_ws/yubot_purepursuit_controller/package.xml':
[14.120s] Traceback (most recent call last):
[14.120s]   File "/opt/ros/humble/share/ament_cmake_core/cmake/core/package_xml_2_cmake.py", line 150, in <module>
[14.120s]     main()
[14.120s]   File "/opt/ros/humble/share/ament_cmake_core/cmake/core/package_xml_2_cmake.py", line 53, in main
[14.120s]     raise e
[14.121s]   File "/opt/ros/humble/share/ament_cmake_core/cmake/core/package_xml_2_cmake.py", line 49, in main
[14.121s]     package = parse_package_string(
[14.121s]   File "/usr/lib/python3/dist-packages/catkin_pkg/package.py", line 788, in parse_package_string
[14.121s]     pkg.validate(warnings=warnings)
[14.121s]   File "/usr/lib/python3/dist-packages/catkin_pkg/package.py", line 330, in validate
[14.121s]     raise InvalidPackage('\n'.join(errors), self.filename)
[14.121s] catkin_pkg.package.InvalidPackage: Error(s) in package '/home/goblue/my_ws/yubot_purepursuit_controller/package.xml':
[14.121s] The package "yubot_purepursuit_controller" must not "exec_depend" on a package with the same name as this package
[14.137s] [31mCMake Error at /opt/ros/humble/share/ament_cmake_core/cmake/core/ament_package_xml.cmake:95 (message):
[14.137s]   execute_process(/usr/bin/python3
[14.137s]   /opt/ros/humble/share/ament_cmake_core/cmake/core/package_xml_2_cmake.py
[14.137s]   /home/goblue/my_ws/yubot_purepursuit_controller/package.xml
[14.137s]   /home/goblue/my_ws/yubot_purepursuit_controller/build/yubot_purepursuit_controller/ament_cmake_core/package.cmake)
[14.137s]   returned error code 1
[14.137s] Call Stack (most recent call first):
[14.137s]   /opt/ros/humble/share/ament_cmake_core/cmake/core/ament_package_xml.cmake:49 (_ament_package_xml)
[14.137s]   /opt/ros/humble/share/ament_lint_auto/cmake/ament_lint_auto_find_test_dependencies.cmake:31 (ament_package_xml)
[14.137s]   CMakeLists.txt:67 (ament_lint_auto_find_test_dependencies)
[14.137s] 
[14.137s] [0m
[14.137s] -- Configuring incomplete, errors occurred!
[14.137s] See also "/home/goblue/my_ws/yubot_purepursuit_controller/build/yubot_purepursuit_controller/CMakeFiles/CMakeOutput.log".
[14.146s] gmake: *** [Makefile:267ï¼šcmake_check_build_system] é”™è¯¯ 1
[14.148s] Invoked command in '/home/goblue/my_ws/yubot_purepursuit_controller/build/yubot_purepursuit_controller' returned '2': /usr/bin/cmake --build /home/goblue/my_ws/yubot_purepursuit_controller/build/yubot_purepursuit_controller -- -j20 -l20
