[0.007s] Invoking command in '/home/goblue/my_ws/Yubot_controller/build/Yubot_controller': CMAKE_PREFIX_PATH=${CMAKE_PREFIX_PATH}:/home/goblue/interbotix_ws/install/interbotix_xs_modules:/home/goblue/interbotix_ws/install/interbotix_common_modules:/opt/ros/humble /usr/bin/cmake --build /home/goblue/my_ws/Yubot_controller/build/Yubot_controller -- -j20 -l20
[0.024s] -- Found ament_cmake: 1.3.10 (/opt/ros/humble/share/ament_cmake/cmake)
[0.102s] -- Found rclcpp: 16.0.10 (/opt/ros/humble/share/rclcpp/cmake)
[0.325s] -- Found rosidl_generator_c: 3.1.5 (/opt/ros/humble/share/rosidl_generator_c/cmake)
[0.327s] -- Found rosidl_adapter: 3.1.5 (/opt/ros/humble/share/rosidl_adapter/cmake)
[0.331s] -- Found rosidl_generator_cpp: 3.1.5 (/opt/ros/humble/share/rosidl_generator_cpp/cmake)
[0.336s] -- Using all available rosidl_typesupport_c: rosidl_typesupport_fastrtps_c;rosidl_typesupport_introspection_c
[0.344s] -- Using all available rosidl_typesupport_cpp: rosidl_typesupport_fastrtps_cpp;rosidl_typesupport_introspection_cpp
[0.362s] -- Found rmw_implementation_cmake: 6.1.2 (/opt/ros/humble/share/rmw_implementation_cmake/cmake)
[0.363s] -- Found rmw_fastrtps_cpp: 6.2.7 (/opt/ros/humble/share/rmw_fastrtps_cpp/cmake)
[7.642s] -- Using RMW implementation 'rmw_fastrtps_cpp' as default
[7.670s] -- Found nav2_core: 1.1.17 (/opt/ros/humble/share/nav2_core/cmake)
[7.793s] -- Ensuring Eigen3 include directory is part of orocos-kdl CMake target
[9.562s] -- Found ament_lint_auto: 0.12.11 (/opt/ros/humble/share/ament_lint_auto/cmake)
[9.598s] WARNING: Package name "Yubot_controller" does not follow the naming conventions. It should start with a lower case letter and only contain lower case letters, digits, underscores, and dashes.
[9.613s] -- Added test 'cppcheck' to perform static code analysis on C / C++ code
[9.613s] -- Configured cppcheck include dirs: 
[9.614s] -- Configured cppcheck exclude dirs and/or files: 
[9.614s] -- Added test 'flake8' to check Python code syntax and style conventions
[9.616s] -- Added test 'lint_cmake' to check CMake code style
[9.616s] -- Added test 'pep257' to check Python code against some of the docstring style conventions in PEP 257
[9.622s] -- Added test 'uncrustify' to check C / C++ code style
[9.622s] -- Configured uncrustify additional arguments: 
[9.623s] -- Added test 'xmllint' to check XML markup files
[9.624s] -- Configuring done
[9.726s] -- Generating done
[9.727s] -- Build files have been written to: /home/goblue/my_ws/Yubot_controller/build/Yubot_controller
[9.753s] [ 50%] [32mBuilding CXX object CMakeFiles/PureController.dir/src/pure_controller.cpp.o[0m
[9.784s] [01m[K/home/goblue/my_ws/Yubot_controller/src/pure_controller.cpp:2:10:[m[K [01;31m[Kfatal error: [m[KYubot_controller/pure_controller.hpp: æ²¡æœ‰é‚£ä¸ªæ–‡ä»¶æˆ–ç›®å½•
[9.784s]     2 | #include [01;31m[K"Yubot_controller/pure_controller.hpp"[m[K
[9.784s]       |          [01;31m[K^~~~~~~~~~~~~~~~~~~~~~~~~~~~~~~~~~~~~~[m[K
[9.784s] compilation terminated.
[9.785s] gmake[2]: *** [CMakeFiles/PureController.dir/build.make:76ï¼šCMakeFiles/PureController.dir/src/pure_controller.cpp.o] é”™è¯¯ 1
[9.785s] gmake[1]: *** [CMakeFiles/Makefile2:137ï¼šCMakeFiles/PureController.dir/all] é”™è¯¯ 2
[9.785s] gmake: *** [Makefile:146ï¼šall] é”™è¯¯ 2
[9.787s] Invoked command in '/home/goblue/my_ws/Yubot_controller/build/Yubot_controller' returned '2': CMAKE_PREFIX_PATH=${CMAKE_PREFIX_PATH}:/home/goblue/interbotix_ws/install/interbotix_xs_modules:/home/goblue/interbotix_ws/install/interbotix_common_modules:/opt/ros/humble /usr/bin/cmake --build /home/goblue/my_ws/Yubot_controller/build/Yubot_controller -- -j20 -l20
